#
# There is insufficient memory for the Java Runtime Environment to continue.
# Native memory allocation (malloc) failed to allocate 32744 bytes for ChunkPool::allocate
# Possible reasons:
#   The system is out of physical RAM or swap space
#   The process is running with CompressedOops enabled, and the Java Heap may be blocking the growth of the native heap
# Possible solutions:
#   Reduce memory load on the system
#   Increase physical memory or swap space
#   Check if swap backing store is full
#   Decrease Java heap size (-Xmx/-Xms)
#   Decrease number of Java threads
#   Decrease Java thread stack sizes (-Xss)
#   Set larger code cache with -XX:ReservedCodeCacheSize=
#   JVM is running with Unscaled Compressed Oops mode in which the Java heap is
#     placed in the first 4GB address space. The Java Heap base address is the
#     maximum limit for the native heap growth. Please use -XX:HeapBaseMinAddress
#     to set the Java Heap base and to place the Java Heap above 4GB virtual address.
# This output file may be truncated or incomplete.
#
#  Out of Memory Error (./open/src/hotspot/share/memory/arena.cpp:79), pid=19784, tid=26044
#
# JRE version: Java(TM) SE Runtime Environment (14.0.2+12) (build 14.0.2+12-46)
# Java VM: Java HotSpot(TM) 64-Bit Server VM (14.0.2+12-46, mixed mode, sharing, tiered, compressed oops, g1 gc, windows-amd64)
# No core dump will be written. Minidumps are not enabled by default on client versions of Windows
#

---------------  S U M M A R Y ------------

Command Line: -Dclassworlds.conf=C:\apache\apache-maven-3.6.3\bin\..\bin\m2.conf -Dmaven.home=C:\apache\apache-maven-3.6.3\bin\.. -Dlibrary.jansi.path=C:\apache\apache-maven-3.6.3\bin\..\lib\jansi-native -Dmaven.multiModuleProjectDirectory=D:\projects\devOps\ws_git\testGit\ws_RD\HelloWorld-master\HelloWorld-master\HelloWorld.parent org.codehaus.plexus.classworlds.launcher.Launcher clean

Host: Intel(R) Core(TM) i7-6600U CPU @ 2.60GHz, 4 cores, 7G,  Windows 10 , 64 bit Build 19041 (10.0.19041.292)
Time: Fri Sep  4 18:55:54 2020 India Standard Time elapsed time: 4 seconds (0d 0h 0m 4s)

---------------  T H R E A D  ---------------

Current thread (0x000001827e8ba000):  JavaThread "main" [_thread_in_vm, id=26044, stack(0x0000004f9fa00000,0x0000004f9fb00000)]

Stack: [0x0000004f9fa00000,0x0000004f9fb00000]
Native frames: (J=compiled Java code, j=interpreted, Vv=VM code, C=native code)
V  [jvm.dll+0x5f8a9a]
V  [jvm.dll+0x74247a]
V  [jvm.dll+0x743c2f]
V  [jvm.dll+0x744273]
V  [jvm.dll+0x20d288]
V  [jvm.dll+0xabea6]
V  [jvm.dll+0xac1fc]
V  [jvm.dll+0x1bade9]
V  [jvm.dll+0x1bbc05]
V  [jvm.dll+0x1bc802]
V  [jvm.dll+0x1b0c2e]
V  [jvm.dll+0x4d3642]
V  [jvm.dll+0x6ccdd9]
V  [jvm.dll+0x3b49d0]
V  [jvm.dll+0x3b97bd]
C  [java.dll+0x1970]

Java frames: (J=compiled Java code, j=interpreted, Vv=VM code)
J 810  java.lang.ClassLoader.defineClass1(Ljava/lang/ClassLoader;Ljava/lang/String;[BIILjava/security/ProtectionDomain;Ljava/lang/String;)Ljava/lang/Class; java.base@14.0.2 (0 bytes) @ 0x00000182101e3b8b [0x00000182101e3ac0+0x00000000000000cb]
J 819 c1 java.lang.ClassLoader.defineClass(Ljava/lang/String;[BIILjava/security/ProtectionDomain;)Ljava/lang/Class; java.base@14.0.2 (43 bytes) @ 0x0000018208e185f4 [0x0000018208e18280+0x0000000000000374]
J 697 c1 java.net.URLClassLoader.defineClass(Ljava/lang/String;Ljdk/internal/loader/Resource;)Ljava/lang/Class; java.base@14.0.2 (224 bytes) @ 0x0000018208dcce3c [0x0000018208dcaa00+0x000000000000243c]
J 761 c1 java.net.URLClassLoader$1.run()Ljava/lang/Class; java.base@14.0.2 (63 bytes) @ 0x0000018208df930c [0x0000018208df88a0+0x0000000000000a6c]
J 824 c1 java.net.URLClassLoader.findClass(Ljava/lang/String;)Ljava/lang/Class; java.base@14.0.2 (47 bytes) @ 0x0000018208e1c2b4 [0x0000018208e1bf80+0x0000000000000334]
J 758 c1 org.codehaus.plexus.classworlds.realm.ClassRealm.loadClassFromSelf(Ljava/lang/String;)Ljava/lang/Class; (40 bytes) @ 0x0000018208df4f44 [0x0000018208df4c00+0x0000000000000344]
J 696 c1 org.codehaus.plexus.classworlds.strategy.SelfFirstStrategy.loadClass(Ljava/lang/String;)Ljava/lang/Class; (50 bytes) @ 0x0000018208dc9d7c [0x0000018208dc9ac0+0x00000000000002bc]
J 492 c1 org.codehaus.plexus.classworlds.realm.ClassRealm.loadClass(Ljava/lang/String;)Ljava/lang/Class; (7 bytes) @ 0x0000018208d4ee9c [0x0000018208d4ec60+0x000000000000023c]
v  ~StubRoutines::call_stub
j  org.apache.maven.lifecycle.internal.DefaultLifecyclePluginAnalyzer.getOrderedLifecycles()Ljava/util/List;+16
j  org.apache.maven.lifecycle.internal.DefaultLifecyclePluginAnalyzer.getPluginsBoundByDefaultToAllLifecycles(Ljava/lang/String;)Ljava/util/Set;+83
j  org.apache.maven.model.plugin.DefaultLifecycleBindingsInjector.injectLifecycleBindings(Lorg/apache/maven/model/Model;Lorg/apache/maven/model/building/ModelBuildingRequest;Lorg/apache/maven/model/building/ModelProblemCollector;)V+12
j  org.apache.maven.model.building.DefaultModelBuilder.build(Lorg/apache/maven/model/building/ModelBuildingRequest;Lorg/apache/maven/model/building/ModelBuildingResult;Ljava/util/Collection;)Lorg/apache/maven/model/building/ModelBuildingResult;+110
j  org.apache.maven.model.building.DefaultModelBuilder.build(Lorg/apache/maven/model/building/ModelBuildingRequest;Lorg/apache/maven/model/building/ModelBuildingResult;)Lorg/apache/maven/model/building/ModelBuildingResult;+10
j  org.apache.maven.project.DefaultProjectBuilder.build(Ljava/util/List;Ljava/util/List;Ljava/util/Map;Ljava/util/List;Lorg/apache/maven/project/ProjectBuildingRequest;Ljava/util/Map;Lorg/eclipse/aether/RepositorySystemSession;)Z+58
j  org.apache.maven.project.DefaultProjectBuilder.build(Ljava/util/List;ZLorg/apache/maven/project/ProjectBuildingRequest;)Ljava/util/List;+140
j  org.apache.maven.graph.DefaultGraphBuilder.collectProjects(Ljava/util/List;Ljava/util/List;Lorg/apache/maven/execution/MavenExecutionRequest;)V+21
j  org.apache.maven.graph.DefaultGraphBuilder.getProjectsForMavenReactor(Lorg/apache/maven/execution/MavenSession;)Ljava/util/List;+129
j  org.apache.maven.graph.DefaultGraphBuilder.build(Lorg/apache/maven/execution/MavenSession;)Lorg/apache/maven/model/building/Result;+12
j  org.apache.maven.DefaultMaven.buildGraph(Lorg/apache/maven/execution/MavenSession;Lorg/apache/maven/execution/MavenExecutionResult;)Lorg/apache/maven/model/building/Result;+5
j  org.apache.maven.DefaultMaven.doExecute(Lorg/apache/maven/execution/MavenExecutionRequest;Lorg/apache/maven/execution/MavenSession;Lorg/apache/maven/execution/MavenExecutionResult;Lorg/eclipse/aether/DefaultRepositorySystemSession;)Lorg/apache/maven/execution/MavenExecutionResult;+75
j  org.apache.maven.DefaultMaven.doExecute(Lorg/apache/maven/execution/MavenExecutionRequest;)Lorg/apache/maven/execution/MavenExecutionResult;+98
j  org.apache.maven.DefaultMaven.execute(Lorg/apache/maven/execution/MavenExecutionRequest;)Lorg/apache/maven/execution/MavenExecutionResult;+2
j  org.apache.maven.cli.MavenCli.execute(Lorg/apache/maven/cli/CliRequest;)I+27
j  org.apache.maven.cli.MavenCli.doMain(Lorg/apache/maven/cli/CliRequest;)I+66
j  org.apache.maven.cli.MavenCli.main([Ljava/lang/String;Lorg/codehaus/plexus/classworlds/ClassWorld;)I+24
v  ~StubRoutines::call_stub
j  jdk.internal.reflect.NativeMethodAccessorImpl.invoke0(Ljava/lang/reflect/Method;Ljava/lang/Object;[Ljava/lang/Object;)Ljava/lang/Object;+0 java.base@14.0.2
j  jdk.internal.reflect.NativeMethodAccessorImpl.invoke(Ljava/lang/Object;[Ljava/lang/Object;)Ljava/lang/Object;+100 java.base@14.0.2
j  jdk.internal.reflect.DelegatingMethodAccessorImpl.invoke(Ljava/lang/Object;[Ljava/lang/Object;)Ljava/lang/Object;+6 java.base@14.0.2
j  java.lang.reflect.Method.invoke(Ljava/lang/Object;[Ljava/lang/Object;)Ljava/lang/Object;+59 java.base@14.0.2
j  org.codehaus.plexus.classworlds.launcher.Launcher.launchEnhanced([Ljava/lang/String;)V+45
j  org.codehaus.plexus.classworlds.launcher.Launcher.launch([Ljava/lang/String;)V+2
j  org.codehaus.plexus.classworlds.launcher.Launcher.mainWithExitCode([Ljava/lang/String;)I+101
j  org.codehaus.plexus.classworlds.launcher.Launcher.main([Ljava/lang/String;)V+1
v  ~StubRoutines::call_stub

---------------  P R O C E S S  ---------------

Threads class SMR info:
_java_thread_list=0x000001827fc85c50, length=11, elements={
0x000001827e8ba000, 0x000001827fa2c000, 0x000001827fa2f000, 0x000001827fa4b800,
0x000001827fa4c800, 0x000001827fa4e800, 0x000001827fa53800, 0x000001827fa57000,
0x000001827fa6e800, 0x000001827fa72000, 0x000001827fa6f800
}

Java Threads: ( => current thread )
=>0x000001827e8ba000 JavaThread "main" [_thread_in_vm, id=26044, stack(0x0000004f9fa00000,0x0000004f9fb00000)]
  0x000001827fa2c000 JavaThread "Reference Handler" daemon [_thread_blocked, id=30424, stack(0x0000004fa0100000,0x0000004fa0200000)]
  0x000001827fa2f000 JavaThread "Finalizer" daemon [_thread_blocked, id=3836, stack(0x0000004fa0200000,0x0000004fa0300000)]
  0x000001827fa4b800 JavaThread "Signal Dispatcher" daemon [_thread_blocked, id=30248, stack(0x0000004fa0300000,0x0000004fa0400000)]
  0x000001827fa4c800 JavaThread "Attach Listener" daemon [_thread_blocked, id=28064, stack(0x0000004fa0400000,0x0000004fa0500000)]
  0x000001827fa4e800 JavaThread "Service Thread" daemon [_thread_blocked, id=17720, stack(0x0000004fa0500000,0x0000004fa0600000)]
  0x000001827fa53800 JavaThread "C2 CompilerThread0" daemon [_thread_in_native, id=22072, stack(0x0000004fa0600000,0x0000004fa0700000)]
  0x000001827fa57000 JavaThread "C1 CompilerThread0" daemon [_thread_blocked, id=3032, stack(0x0000004fa0700000,0x0000004fa0800000)]
  0x000001827fa6e800 JavaThread "Sweeper thread" daemon [_thread_blocked, id=21832, stack(0x0000004fa0800000,0x0000004fa0900000)]
  0x000001827fa72000 JavaThread "Notification Thread" daemon [_thread_blocked, id=27524, stack(0x0000004fa0900000,0x0000004fa0a00000)]
  0x000001827fa6f800 JavaThread "Common-Cleaner" daemon [_thread_blocked, id=12372, stack(0x0000004fa0b00000,0x0000004fa0c00000)]

Other Threads:
  0x000001827fa29800 VMThread "VM Thread" [stack: 0x0000004fa0000000,0x0000004fa0100000] [id=19640]
  0x000001827fcc5000 WatcherThread [stack: 0x0000004fa0a00000,0x0000004fa0b00000] [id=18804]
  0x000001827e8f9000 GCTaskThread "GC Thread#0" [stack: 0x0000004f9fb00000,0x0000004f9fc00000] [id=7308]
  0x000001821e443000 GCTaskThread "GC Thread#1" [stack: 0x0000004fa0c00000,0x0000004fa0d00000] [id=29372]
  0x000001821e4e4800 GCTaskThread "GC Thread#2" [stack: 0x0000004fa0d00000,0x0000004fa0e00000] [id=28648]
  0x000001827e90b800 ConcurrentGCThread "G1 Main Marker" [stack: 0x0000004f9fc00000,0x0000004f9fd00000] [id=27040]
  0x000001827e90d000 ConcurrentGCThread "G1 Conc#0" [stack: 0x0000004f9fd00000,0x0000004f9fe00000] [id=12580]
  0x000001827f8a0800 ConcurrentGCThread "G1 Refine#0" [stack: 0x0000004f9fe00000,0x0000004f9ff00000] [id=1756]
  0x000001827f8a1800 ConcurrentGCThread "G1 Young RemSet Sampling" [stack: 0x0000004f9ff00000,0x0000004fa0000000] [id=18616]

Threads with active compile tasks:
C2 CompilerThread0     4235 1881   !   4       java.net.URL::<init> (543 bytes)

VM state:not at safepoint (normal execution)

VM Mutex/Monitor currently owned by a thread: None

Heap address: 0x0000000082c00000, size: 2004 MB, Compressed Oops mode: 32-bit
Narrow klass base: 0x0000000800000000, Narrow klass shift: 3
Compressed class space size: 1073741824 Address: 0x0000000800b30000

Heap:
 garbage-first heap   total 129024K, used 41858K [0x0000000082c00000, 0x0000000100000000)
  region size 1024K, 39 young (39936K), 1 survivors (1024K)
 Metaspace       used 12150K, capacity 14086K, committed 14336K, reserved 1062912K
  class space    used 1467K, capacity 1724K, committed 1792K, reserved 1048576K
Heap Regions: E=young(eden), S=young(survivor), O=old, HS=humongous(starts), HC=humongous(continues), CS=collection set, F=free, OA=open archive, CA=closed archive, TAMS=top-at-mark-start (previous, next)
|   0|0x0000000082c00000, 0x0000000082d00000, 0x0000000082d00000|100%| O|  |TAMS 0x0000000082c00000, 0x0000000082c00000| Untracked 
|   1|0x0000000082d00000, 0x0000000082e00000, 0x0000000082e00000|100%| O|  |TAMS 0x0000000082d00000, 0x0000000082d00000| Untracked 
|   2|0x0000000082e00000, 0x0000000082f00000, 0x0000000082f00000|100%| O|  |TAMS 0x0000000082e00000, 0x0000000082e00000| Untracked 
|   3|0x0000000082f00000, 0x0000000082f24000, 0x0000000083000000| 14%| O|  |TAMS 0x0000000082f00000, 0x0000000082f00000| Untracked 
|   4|0x0000000083000000, 0x0000000083000000, 0x0000000083100000|  0%| F|  |TAMS 0x0000000083000000, 0x0000000083000000| Untracked 
|   5|0x0000000083100000, 0x0000000083100000, 0x0000000083200000|  0%| F|  |TAMS 0x0000000083100000, 0x0000000083100000| Untracked 
|   6|0x0000000083200000, 0x0000000083200000, 0x0000000083300000|  0%| F|  |TAMS 0x0000000083200000, 0x0000000083200000| Untracked 
|   7|0x0000000083300000, 0x0000000083300000, 0x0000000083400000|  0%| F|  |TAMS 0x0000000083300000, 0x0000000083300000| Untracked 
|   8|0x0000000083400000, 0x0000000083400000, 0x0000000083500000|  0%| F|  |TAMS 0x0000000083400000, 0x0000000083400000| Untracked 
|   9|0x0000000083500000, 0x0000000083500000, 0x0000000083600000|  0%| F|  |TAMS 0x0000000083500000, 0x0000000083500000| Untracked 
|  10|0x0000000083600000, 0x0000000083600000, 0x0000000083700000|  0%| F|  |TAMS 0x0000000083600000, 0x0000000083600000| Untracked 
|  11|0x0000000083700000, 0x0000000083700000, 0x0000000083800000|  0%| F|  |TAMS 0x0000000083700000, 0x0000000083700000| Untracked 
|  12|0x0000000083800000, 0x0000000083800000, 0x0000000083900000|  0%| F|  |TAMS 0x0000000083800000, 0x0000000083800000| Untracked 
|  13|0x0000000083900000, 0x0000000083900000, 0x0000000083a00000|  0%| F|  |TAMS 0x0000000083900000, 0x0000000083900000| Untracked 
|  14|0x0000000083a00000, 0x0000000083a00000, 0x0000000083b00000|  0%| F|  |TAMS 0x0000000083a00000, 0x0000000083a00000| Untracked 
|  15|0x0000000083b00000, 0x0000000083b00000, 0x0000000083c00000|  0%| F|  |TAMS 0x0000000083b00000, 0x0000000083b00000| Untracked 
|  16|0x0000000083c00000, 0x0000000083c00000, 0x0000000083d00000|  0%| F|  |TAMS 0x0000000083c00000, 0x0000000083c00000| Untracked 
|  17|0x0000000083d00000, 0x0000000083d00000, 0x0000000083e00000|  0%| F|  |TAMS 0x0000000083d00000, 0x0000000083d00000| Untracked 
|  18|0x0000000083e00000, 0x0000000083e00000, 0x0000000083f00000|  0%| F|  |TAMS 0x0000000083e00000, 0x0000000083e00000| Untracked 
|  19|0x0000000083f00000, 0x0000000083f00000, 0x0000000084000000|  0%| F|  |TAMS 0x0000000083f00000, 0x0000000083f00000| Untracked 
|  20|0x0000000084000000, 0x0000000084000000, 0x0000000084100000|  0%| F|  |TAMS 0x0000000084000000, 0x0000000084000000| Untracked 
|  21|0x0000000084100000, 0x0000000084100000, 0x0000000084200000|  0%| F|  |TAMS 0x0000000084100000, 0x0000000084100000| Untracked 
|  22|0x0000000084200000, 0x0000000084200000, 0x0000000084300000|  0%| F|  |TAMS 0x0000000084200000, 0x0000000084200000| Untracked 
|  23|0x0000000084300000, 0x0000000084300000, 0x0000000084400000|  0%| F|  |TAMS 0x0000000084300000, 0x0000000084300000| Untracked 
|  24|0x0000000084400000, 0x0000000084400000, 0x0000000084500000|  0%| F|  |TAMS 0x0000000084400000, 0x0000000084400000| Untracked 
|  25|0x0000000084500000, 0x0000000084500000, 0x0000000084600000|  0%| F|  |TAMS 0x0000000084500000, 0x0000000084500000| Untracked 
|  26|0x0000000084600000, 0x0000000084600000, 0x0000000084700000|  0%| F|  |TAMS 0x0000000084600000, 0x0000000084600000| Untracked 
|  27|0x0000000084700000, 0x0000000084700000, 0x0000000084800000|  0%| F|  |TAMS 0x0000000084700000, 0x0000000084700000| Untracked 
|  28|0x0000000084800000, 0x0000000084800000, 0x0000000084900000|  0%| F|  |TAMS 0x0000000084800000, 0x0000000084800000| Untracked 
|  29|0x0000000084900000, 0x0000000084900000, 0x0000000084a00000|  0%| F|  |TAMS 0x0000000084900000, 0x0000000084900000| Untracked 
|  30|0x0000000084a00000, 0x0000000084a00000, 0x0000000084b00000|  0%| F|  |TAMS 0x0000000084a00000, 0x0000000084a00000| Untracked 
|  31|0x0000000084b00000, 0x0000000084b00000, 0x0000000084c00000|  0%| F|  |TAMS 0x0000000084b00000, 0x0000000084b00000| Untracked 
|  32|0x0000000084c00000, 0x0000000084c00000, 0x0000000084d00000|  0%| F|  |TAMS 0x0000000084c00000, 0x0000000084c00000| Untracked 
|  33|0x0000000084d00000, 0x0000000084d00000, 0x0000000084e00000|  0%| F|  |TAMS 0x0000000084d00000, 0x0000000084d00000| Untracked 
|  34|0x0000000084e00000, 0x0000000084e00000, 0x0000000084f00000|  0%| F|  |TAMS 0x0000000084e00000, 0x0000000084e00000| Untracked 
|  35|0x0000000084f00000, 0x0000000084f00000, 0x0000000085000000|  0%| F|  |TAMS 0x0000000084f00000, 0x0000000084f00000| Untracked 
|  36|0x0000000085000000, 0x0000000085000000, 0x0000000085100000|  0%| F|  |TAMS 0x0000000085000000, 0x0000000085000000| Untracked 
|  37|0x0000000085100000, 0x0000000085100000, 0x0000000085200000|  0%| F|  |TAMS 0x0000000085100000, 0x0000000085100000| Untracked 
|  38|0x0000000085200000, 0x0000000085200000, 0x0000000085300000|  0%| F|  |TAMS 0x0000000085200000, 0x0000000085200000| Untracked 
|  39|0x0000000085300000, 0x0000000085300000, 0x0000000085400000|  0%| F|  |TAMS 0x0000000085300000, 0x0000000085300000| Untracked 
|  40|0x0000000085400000, 0x0000000085400000, 0x0000000085500000|  0%| F|  |TAMS 0x0000000085400000, 0x0000000085400000| Untracked 
|  41|0x0000000085500000, 0x0000000085500000, 0x0000000085600000|  0%| F|  |TAMS 0x0000000085500000, 0x0000000085500000| Untracked 
|  42|0x0000000085600000, 0x0000000085600000, 0x0000000085700000|  0%| F|  |TAMS 0x0000000085600000, 0x0000000085600000| Untracked 
|  43|0x0000000085700000, 0x0000000085700000, 0x0000000085800000|  0%| F|  |TAMS 0x0000000085700000, 0x0000000085700000| Untracked 
|  44|0x0000000085800000, 0x0000000085800000, 0x0000000085900000|  0%| F|  |TAMS 0x0000000085800000, 0x0000000085800000| Untracked 
|  45|0x0000000085900000, 0x0000000085900000, 0x0000000085a00000|  0%| F|  |TAMS 0x0000000085900000, 0x0000000085900000| Untracked 
|  46|0x0000000085a00000, 0x0000000085a00000, 0x0000000085b00000|  0%| F|  |TAMS 0x0000000085a00000, 0x0000000085a00000| Untracked 
|  47|0x0000000085b00000, 0x0000000085b00000, 0x0000000085c00000|  0%| F|  |TAMS 0x0000000085b00000, 0x0000000085b00000| Untracked 
|  48|0x0000000085c00000, 0x0000000085c00000, 0x0000000085d00000|  0%| F|  |TAMS 0x0000000085c00000, 0x0000000085c00000| Untracked 
|  49|0x0000000085d00000, 0x0000000085d00000, 0x0000000085e00000|  0%| F|  |TAMS 0x0000000085d00000, 0x0000000085d00000| Untracked 
|  50|0x0000000085e00000, 0x0000000085e00000, 0x0000000085f00000|  0%| F|  |TAMS 0x0000000085e00000, 0x0000000085e00000| Untracked 
|  51|0x0000000085f00000, 0x0000000085f00000, 0x0000000086000000|  0%| F|  |TAMS 0x0000000085f00000, 0x0000000085f00000| Untracked 
|  52|0x0000000086000000, 0x0000000086000000, 0x0000000086100000|  0%| F|  |TAMS 0x0000000086000000, 0x0000000086000000| Untracked 
|  53|0x0000000086100000, 0x0000000086100000, 0x0000000086200000|  0%| F|  |TAMS 0x0000000086100000, 0x0000000086100000| Untracked 
|  54|0x0000000086200000, 0x0000000086200000, 0x0000000086300000|  0%| F|  |TAMS 0x0000000086200000, 0x0000000086200000| Untracked 
|  55|0x0000000086300000, 0x0000000086300000, 0x0000000086400000|  0%| F|  |TAMS 0x0000000086300000, 0x0000000086300000| Untracked 
|  56|0x0000000086400000, 0x0000000086400000, 0x0000000086500000|  0%| F|  |TAMS 0x0000000086400000, 0x0000000086400000| Untracked 
|  57|0x0000000086500000, 0x0000000086500000, 0x0000000086600000|  0%| F|  |TAMS 0x0000000086500000, 0x0000000086500000| Untracked 
|  58|0x0000000086600000, 0x0000000086600000, 0x0000000086700000|  0%| F|  |TAMS 0x0000000086600000, 0x0000000086600000| Untracked 
|  59|0x0000000086700000, 0x0000000086700000, 0x0000000086800000|  0%| F|  |TAMS 0x0000000086700000, 0x0000000086700000| Untracked 
|  60|0x0000000086800000, 0x0000000086800000, 0x0000000086900000|  0%| F|  |TAMS 0x0000000086800000, 0x0000000086800000| Untracked 
|  61|0x0000000086900000, 0x0000000086900000, 0x0000000086a00000|  0%| F|  |TAMS 0x0000000086900000, 0x0000000086900000| Untracked 
|  62|0x0000000086a00000, 0x0000000086a00000, 0x0000000086b00000|  0%| F|  |TAMS 0x0000000086a00000, 0x0000000086a00000| Untracked 
|  63|0x0000000086b00000, 0x0000000086b00000, 0x0000000086c00000|  0%| F|  |TAMS 0x0000000086b00000, 0x0000000086b00000| Untracked 
|  64|0x0000000086c00000, 0x0000000086c00000, 0x0000000086d00000|  0%| F|  |TAMS 0x0000000086c00000, 0x0000000086c00000| Untracked 
|  65|0x0000000086d00000, 0x0000000086d00000, 0x0000000086e00000|  0%| F|  |TAMS 0x0000000086d00000, 0x0000000086d00000| Untracked 
|  66|0x0000000086e00000, 0x0000000086e00000, 0x0000000086f00000|  0%| F|  |TAMS 0x0000000086e00000, 0x0000000086e00000| Untracked 
|  67|0x0000000086f00000, 0x0000000086f00000, 0x0000000087000000|  0%| F|  |TAMS 0x0000000086f00000, 0x0000000086f00000| Untracked 
|  68|0x0000000087000000, 0x0000000087000000, 0x0000000087100000|  0%| F|  |TAMS 0x0000000087000000, 0x0000000087000000| Untracked 
|  69|0x0000000087100000, 0x0000000087100000, 0x0000000087200000|  0%| F|  |TAMS 0x0000000087100000, 0x0000000087100000| Untracked 
|  70|0x0000000087200000, 0x0000000087200000, 0x0000000087300000|  0%| F|  |TAMS 0x0000000087200000, 0x0000000087200000| Untracked 
|  71|0x0000000087300000, 0x0000000087300000, 0x0000000087400000|  0%| F|  |TAMS 0x0000000087300000, 0x0000000087300000| Untracked 
|  72|0x0000000087400000, 0x0000000087400000, 0x0000000087500000|  0%| F|  |TAMS 0x0000000087400000, 0x0000000087400000| Untracked 
|  73|0x0000000087500000, 0x0000000087500000, 0x0000000087600000|  0%| F|  |TAMS 0x0000000087500000, 0x0000000087500000| Untracked 
|  74|0x0000000087600000, 0x0000000087600000, 0x0000000087700000|  0%| F|  |TAMS 0x0000000087600000, 0x0000000087600000| Untracked 
|  75|0x0000000087700000, 0x0000000087700000, 0x0000000087800000|  0%| F|  |TAMS 0x0000000087700000, 0x0000000087700000| Untracked 
|  76|0x0000000087800000, 0x0000000087800000, 0x0000000087900000|  0%| F|  |TAMS 0x0000000087800000, 0x0000000087800000| Untracked 
|  77|0x0000000087900000, 0x0000000087900000, 0x0000000087a00000|  0%| F|  |TAMS 0x0000000087900000, 0x0000000087900000| Untracked 
|  78|0x0000000087a00000, 0x0000000087a00000, 0x0000000087b00000|  0%| F|  |TAMS 0x0000000087a00000, 0x0000000087a00000| Untracked 
|  79|0x0000000087b00000, 0x0000000087b00000, 0x0000000087c00000|  0%| F|  |TAMS 0x0000000087b00000, 0x0000000087b00000| Untracked 
|  80|0x0000000087c00000, 0x0000000087c00000, 0x0000000087d00000|  0%| F|  |TAMS 0x0000000087c00000, 0x0000000087c00000| Untracked 
|  81|0x0000000087d00000, 0x0000000087d00000, 0x0000000087e00000|  0%| F|  |TAMS 0x0000000087d00000, 0x0000000087d00000| Untracked 
|  82|0x0000000087e00000, 0x0000000087e00000, 0x0000000087f00000|  0%| F|  |TAMS 0x0000000087e00000, 0x0000000087e00000| Untracked 
|  83|0x0000000087f00000, 0x0000000087f00000, 0x0000000088000000|  0%| F|  |TAMS 0x0000000087f00000, 0x0000000087f00000| Untracked 
|  84|0x0000000088000000, 0x0000000088000000, 0x0000000088100000|  0%| F|  |TAMS 0x0000000088000000, 0x0000000088000000| Untracked 
|  85|0x0000000088100000, 0x0000000088100000, 0x0000000088200000|  0%| F|  |TAMS 0x0000000088100000, 0x0000000088100000| Untracked 
|  86|0x0000000088200000, 0x0000000088200000, 0x0000000088300000|  0%| F|  |TAMS 0x0000000088200000, 0x0000000088200000| Untracked 
|  87|0x0000000088300000, 0x0000000088400000, 0x0000000088400000|100%| E|  |TAMS 0x0000000088300000, 0x0000000088300000| Complete 
|  88|0x0000000088400000, 0x0000000088500000, 0x0000000088500000|100%| E|CS|TAMS 0x0000000088400000, 0x0000000088400000| Complete 
|  89|0x0000000088500000, 0x0000000088600000, 0x0000000088600000|100%| E|CS|TAMS 0x0000000088500000, 0x0000000088500000| Complete 
|  90|0x0000000088600000, 0x0000000088700000, 0x0000000088700000|100%| E|CS|TAMS 0x0000000088600000, 0x0000000088600000| Complete 
|  91|0x0000000088700000, 0x0000000088800000, 0x0000000088800000|100%| E|CS|TAMS 0x0000000088700000, 0x0000000088700000| Complete 
|  92|0x0000000088800000, 0x0000000088900000, 0x0000000088900000|100%| E|CS|TAMS 0x0000000088800000, 0x0000000088800000| Complete 
|  93|0x0000000088900000, 0x0000000088a00000, 0x0000000088a00000|100%| E|CS|TAMS 0x0000000088900000, 0x0000000088900000| Complete 
|  94|0x0000000088a00000, 0x0000000088b00000, 0x0000000088b00000|100%| E|CS|TAMS 0x0000000088a00000, 0x0000000088a00000| Complete 
|  95|0x0000000088b00000, 0x0000000088c00000, 0x0000000088c00000|100%| E|CS|TAMS 0x0000000088b00000, 0x0000000088b00000| Complete 
|  96|0x0000000088c00000, 0x0000000088d00000, 0x0000000088d00000|100%| E|CS|TAMS 0x0000000088c00000, 0x0000000088c00000| Complete 
|  97|0x0000000088d00000, 0x0000000088e00000, 0x0000000088e00000|100%| E|CS|TAMS 0x0000000088d00000, 0x0000000088d00000| Complete 
|  98|0x0000000088e00000, 0x0000000088f00000, 0x0000000088f00000|100%| E|CS|TAMS 0x0000000088e00000, 0x0000000088e00000| Complete 
|  99|0x0000000088f00000, 0x0000000089000000, 0x0000000089000000|100%| E|CS|TAMS 0x0000000088f00000, 0x0000000088f00000| Complete 
| 100|0x0000000089000000, 0x0000000089100000, 0x0000000089100000|100%| E|CS|TAMS 0x0000000089000000, 0x0000000089000000| Complete 
| 101|0x0000000089100000, 0x0000000089200000, 0x0000000089200000|100%| E|CS|TAMS 0x0000000089100000, 0x0000000089100000| Complete 
| 102|0x0000000089200000, 0x0000000089300000, 0x0000000089300000|100%| E|CS|TAMS 0x0000000089200000, 0x0000000089200000| Complete 
| 103|0x0000000089300000, 0x0000000089400000, 0x0000000089400000|100%| E|CS|TAMS 0x0000000089300000, 0x0000000089300000| Complete 
| 104|0x0000000089400000, 0x0000000089500000, 0x0000000089500000|100%| E|CS|TAMS 0x0000000089400000, 0x0000000089400000| Complete 
| 105|0x0000000089500000, 0x0000000089600000, 0x0000000089600000|100%| E|CS|TAMS 0x0000000089500000, 0x0000000089500000| Complete 
| 106|0x0000000089600000, 0x0000000089700000, 0x0000000089700000|100%| E|CS|TAMS 0x0000000089600000, 0x0000000089600000| Complete 
| 107|0x0000000089700000, 0x0000000089800000, 0x0000000089800000|100%| E|CS|TAMS 0x0000000089700000, 0x0000000089700000| Complete 
| 108|0x0000000089800000, 0x0000000089900000, 0x0000000089900000|100%| E|CS|TAMS 0x0000000089800000, 0x0000000089800000| Complete 
| 109|0x0000000089900000, 0x00000000899bc988, 0x0000000089a00000| 73%| S|CS|TAMS 0x0000000089900000, 0x0000000089900000| Complete 
| 110|0x0000000089a00000, 0x0000000089b00000, 0x0000000089b00000|100%| E|CS|TAMS 0x0000000089a00000, 0x0000000089a00000| Complete 
| 111|0x0000000089b00000, 0x0000000089c00000, 0x0000000089c00000|100%| E|CS|TAMS 0x0000000089b00000, 0x0000000089b00000| Complete 
| 112|0x0000000089c00000, 0x0000000089d00000, 0x0000000089d00000|100%| E|CS|TAMS 0x0000000089c00000, 0x0000000089c00000| Complete 
| 113|0x0000000089d00000, 0x0000000089e00000, 0x0000000089e00000|100%| E|CS|TAMS 0x0000000089d00000, 0x0000000089d00000| Complete 
| 114|0x0000000089e00000, 0x0000000089f00000, 0x0000000089f00000|100%| E|CS|TAMS 0x0000000089e00000, 0x0000000089e00000| Complete 
| 115|0x0000000089f00000, 0x000000008a000000, 0x000000008a000000|100%| E|CS|TAMS 0x0000000089f00000, 0x0000000089f00000| Complete 
| 116|0x000000008a000000, 0x000000008a100000, 0x000000008a100000|100%| E|CS|TAMS 0x000000008a000000, 0x000000008a000000| Complete 
| 117|0x000000008a100000, 0x000000008a200000, 0x000000008a200000|100%| E|CS|TAMS 0x000000008a100000, 0x000000008a100000| Complete 
| 118|0x000000008a200000, 0x000000008a300000, 0x000000008a300000|100%| E|CS|TAMS 0x000000008a200000, 0x000000008a200000| Complete 
| 119|0x000000008a300000, 0x000000008a400000, 0x000000008a400000|100%| E|CS|TAMS 0x000000008a300000, 0x000000008a300000| Complete 
| 120|0x000000008a400000, 0x000000008a500000, 0x000000008a500000|100%| E|CS|TAMS 0x000000008a400000, 0x000000008a400000| Complete 
| 121|0x000000008a500000, 0x000000008a600000, 0x000000008a600000|100%| E|CS|TAMS 0x000000008a500000, 0x000000008a500000| Complete 
| 122|0x000000008a600000, 0x000000008a700000, 0x000000008a700000|100%| E|CS|TAMS 0x000000008a600000, 0x000000008a600000| Complete 
| 123|0x000000008a700000, 0x000000008a800000, 0x000000008a800000|100%| E|CS|TAMS 0x000000008a700000, 0x000000008a700000| Complete 
| 124|0x000000008a800000, 0x000000008a900000, 0x000000008a900000|100%| E|CS|TAMS 0x000000008a800000, 0x000000008a800000| Complete 
| 125|0x000000008a900000, 0x000000008aa00000, 0x000000008aa00000|100%| E|CS|TAMS 0x000000008a900000, 0x000000008a900000| Complete 

Card table byte_map: [0x000001827ed80000,0x000001827f170000] _byte_map_base: 0x000001827e96a000

Marking Bits (Prev, Next): (CMBitMap*) 0x000001827e8f9d78, (CMBitMap*) 0x000001827e8f9db8
 Prev Bits: [0x00000182176d0000, 0x0000018219620000)
 Next Bits: [0x0000018219620000, 0x000001821b570000)

Polling page: 0x000001827c6e0000

Metaspace:

Usage:
  Non-class:     12.07 MB capacity,    10.43 MB ( 86%) used,     1.62 MB ( 13%) free+waste,    15.88 KB ( <1%) overhead. 
      Class:      1.68 MB capacity,     1.43 MB ( 85%) used,   248.82 KB ( 14%) free+waste,     7.44 KB ( <1%) overhead. 
       Both:     13.76 MB capacity,    11.87 MB ( 86%) used,     1.87 MB ( 14%) free+waste,    23.31 KB ( <1%) overhead. 

Virtual space:
  Non-class space:       14.00 MB reserved,      12.25 MB ( 88%) committed 
      Class space:        1.00 GB reserved,       1.75 MB ( <1%) committed 
             Both:        1.01 GB reserved,      14.00 MB (  1%) committed 

Chunk freelists:
   Non-Class:  54.00 KB
       Class:  4.00 KB
        Both:  58.00 KB

MaxMetaspaceSize: 17179869184.00 GB
CompressedClassSpaceSize: 1.00 GB

CodeHeap 'non-profiled nmethods': size=120000Kb used=738Kb max_used=738Kb free=119261Kb
 bounds [0x00000182101a0000, 0x0000018210410000, 0x00000182176d0000]
CodeHeap 'profiled nmethods': size=120000Kb used=4188Kb max_used=4188Kb free=115811Kb
 bounds [0x0000018208c70000, 0x0000018209090000, 0x00000182101a0000]
CodeHeap 'non-nmethods': size=5760Kb used=1193Kb max_used=1194Kb free=4566Kb
 bounds [0x00000182086d0000, 0x0000018208940000, 0x0000018208c70000]
 total_blobs=2455 nmethods=2006 adapters=361
 compilation: enabled
              stopped_count=0, restarted_count=0
 full_count=0

Compilation events (20 events):
Event: 4.175 Thread 0x000001827fa57000 2012       1       org.eclipse.aether.repository.RemoteRepository::getId (5 bytes)
Event: 4.175 Thread 0x000001827fa57000 nmethod 2012 0x0000018210257c90 code [0x0000018210257e20, 0x0000018210257ef8]
Event: 4.175 Thread 0x000001827fa57000 2013       3       org.eclipse.sisu.plexus.RealmFilteredBeans$FilteredItr::hasNext (81 bytes)
Event: 4.176 Thread 0x000001827fa57000 nmethod 2013 0x0000018209082890 code [0x0000018209082b00, 0x00000182090838a8]
Event: 4.176 Thread 0x000001827fa57000 2014       3       java.lang.String::replace (42 bytes)
Event: 4.177 Thread 0x000001827fa57000 nmethod 2014 0x0000018209083c10 code [0x0000018209083de0, 0x0000018209084118]
Event: 4.177 Thread 0x000001827fa57000 2015       1       java.io.File::getPrefixLength (5 bytes)
Event: 4.177 Thread 0x000001827fa57000 nmethod 2015 0x0000018210257f90 code [0x0000018210258120, 0x00000182102581f8]
Event: 4.179 Thread 0x000001827fa57000 2016       3       java.util.regex.Pattern$GroupTail::match (111 bytes)
Event: 4.179 Thread 0x000001827fa57000 nmethod 2016 0x0000018209084210 code [0x00000182090843e0, 0x0000018209084788]
Event: 4.179 Thread 0x000001827fa57000 2017       3       org.eclipse.sisu.space.NamedClass::load (14 bytes)
Event: 4.179 Thread 0x000001827fa57000 nmethod 2017 0x0000018209084990 code [0x0000018209084b80, 0x00000182090850c8]
Event: 4.182 Thread 0x000001827fa57000 2018       3       java.lang.reflect.Constructor::setConstructorAccessor (21 bytes)
Event: 4.182 Thread 0x000001827fa57000 nmethod 2018 0x0000018209085310 code [0x00000182090854c0, 0x00000182090857c8]
Event: 4.183 Thread 0x000001827fa57000 2019       1       java.lang.reflect.AccessibleObject::isAccessible (5 bytes)
Event: 4.183 Thread 0x000001827fa57000 nmethod 2019 0x0000018210258290 code [0x0000018210258420, 0x00000182102584f8]
Event: 4.185 Thread 0x000001827fa57000 2020   !   3       com.google.inject.internal.InjectorImpl::getProvider (46 bytes)
Event: 4.186 Thread 0x000001827fa57000 nmethod 2020 0x0000018209085910 code [0x0000018209085bc0, 0x00000182090867f8]
Event: 4.186 Thread 0x000001827fa57000 2022       3       com.google.inject.spi.InjectionPoint::hashCode (16 bytes)
Event: 4.186 Thread 0x000001827fa57000 nmethod 2022 0x0000018209086e10 code [0x0000018209086fc0, 0x00000182090871e8]

GC Heap History (4 events):
Event: 1.723 GC heap before
{Heap before GC invocations=0 (full 0):
 garbage-first heap   total 129024K, used 12288K [0x0000000082c00000, 0x0000000100000000)
  region size 1024K, 13 young (13312K), 0 survivors (0K)
 Metaspace       used 3713K, capacity 6828K, committed 6912K, reserved 1056768K
  class space    used 398K, capacity 727K, committed 768K, reserved 1048576K
}
Event: 1.729 GC heap after
{Heap after GC invocations=1 (full 0):
 garbage-first heap   total 129024K, used 3048K [0x0000000082c00000, 0x0000000100000000)
  region size 1024K, 2 young (2048K), 2 survivors (2048K)
 Metaspace       used 3713K, capacity 6828K, committed 6912K, reserved 1056768K
  class space    used 398K, capacity 727K, committed 768K, reserved 1048576K
}
Event: 2.406 GC heap before
{Heap before GC invocations=1 (full 0):
 garbage-first heap   total 129024K, used 17384K [0x0000000082c00000, 0x0000000100000000)
  region size 1024K, 16 young (16384K), 2 survivors (2048K)
 Metaspace       used 5629K, capacity 8223K, committed 8448K, reserved 1056768K
  class space    used 670K, capacity 957K, committed 1024K, reserved 1048576K
}
Event: 2.413 GC heap after
{Heap after GC invocations=2 (full 0):
 garbage-first heap   total 129024K, used 3970K [0x0000000082c00000, 0x0000000100000000)
  region size 1024K, 1 young (1024K), 1 survivors (1024K)
 Metaspace       used 5629K, capacity 8223K, committed 8448K, reserved 1056768K
  class space    used 670K, capacity 957K, committed 1024K, reserved 1048576K
}

Deoptimization events (20 events):
Event: 3.860 Thread 0x000001827e8ba000 Uncommon trap: trap_request=0xffffff45 fr.pc=0x00000182101c2f48 relative=0x00000000000001e8
Event: 3.860 Thread 0x000001827e8ba000 Uncommon trap: reason=unstable_if action=reinterpret pc=0x00000182101c2f48 method=java.lang.String.startsWith(Ljava/lang/String;I)Z @ 1 c2
Event: 3.860 Thread 0x000001827e8ba000 DEOPT PACKING pc=0x00000182101c2f48 sp=0x0000004f9faf6fe0
Event: 3.860 Thread 0x000001827e8ba000 DEOPT UNPACKING pc=0x000001820871912f sp=0x0000004f9faf6f48 mode 2
Event: 3.983 Thread 0x000001827e8ba000 Uncommon trap: trap_request=0xffffff45 fr.pc=0x000001821024b51c relative=0x000000000000061c
Event: 3.983 Thread 0x000001827e8ba000 Uncommon trap: reason=unstable_if action=reinterpret pc=0x000001821024b51c method=java.util.ArrayList.grow(I)[Ljava/lang/Object; @ 17 c2
Event: 3.983 Thread 0x000001827e8ba000 DEOPT PACKING pc=0x000001821024b51c sp=0x0000004f9fafe720
Event: 3.983 Thread 0x000001827e8ba000 DEOPT UNPACKING pc=0x000001820871912f sp=0x0000004f9fafe5b8 mode 2
Event: 4.136 Thread 0x000001827e8ba000 Uncommon trap: trap_request=0xffffff45 fr.pc=0x0000018210214c04 relative=0x00000000000005e4
Event: 4.136 Thread 0x000001827e8ba000 Uncommon trap: reason=unstable_if action=reinterpret pc=0x0000018210214c04 method=java.lang.String.replace(CC)Ljava/lang/String; @ 2 c2
Event: 4.136 Thread 0x000001827e8ba000 DEOPT PACKING pc=0x0000018210214c04 sp=0x0000004f9fafda70
Event: 4.136 Thread 0x000001827e8ba000 DEOPT UNPACKING pc=0x000001820871912f sp=0x0000004f9fafda20 mode 2
Event: 4.137 Thread 0x000001827e8ba000 Uncommon trap: trap_request=0xffffff45 fr.pc=0x000001821021b298 relative=0x00000000000002f8
Event: 4.137 Thread 0x000001827e8ba000 Uncommon trap: reason=unstable_if action=reinterpret pc=0x000001821021b298 method=java.lang.String.indexOf([BBILjava/lang/String;I)I @ 21 c2
Event: 4.137 Thread 0x000001827e8ba000 DEOPT PACKING pc=0x000001821021b298 sp=0x0000004f9fafdaf0
Event: 4.137 Thread 0x000001827e8ba000 DEOPT UNPACKING pc=0x000001820871912f sp=0x0000004f9fafda58 mode 2
Event: 4.159 Thread 0x000001827e8ba000 Uncommon trap: trap_request=0xffffffde fr.pc=0x000001821022ee40 relative=0x0000000000000a20
Event: 4.159 Thread 0x000001827e8ba000 Uncommon trap: reason=class_check action=maybe_recompile pc=0x000001821022ee40 method=java.util.HashMap.putVal(ILjava/lang/Object;Ljava/lang/Object;ZZ)Ljava/lang/Object; @ 203 c2
Event: 4.159 Thread 0x000001827e8ba000 DEOPT PACKING pc=0x000001821022ee40 sp=0x0000004f9fafbd00
Event: 4.159 Thread 0x000001827e8ba000 DEOPT UNPACKING pc=0x000001820871912f sp=0x0000004f9fafbc20 mode 2

Classes unloaded (0 events):
No events

Classes redefined (0 events):
No events

Internal exceptions (4 events):
Event: 0.781 Thread 0x000001827e8ba000 Exception <a 'java/lang/NoSuchMethodError'{0x000000008a7e32e8}: 'int java.lang.invoke.DirectMethodHandle$Holder.invokeSpecialIFC(java.lang.Object, java.lang.Object, int)'> (0x000000008a7e32e8) 
thrown [./open/src/hotspot/share/interpreter/linkResolver.cpp, line 766]
Event: 3.776 Thread 0x000001827e8ba000 Exception <a 'java/lang/NoClassDefFoundError'{0x0000000088b219d8}: com/google/inject/servlet/ServletModuleTargetVisitor> (0x0000000088b219d8) 
thrown [./open/src/hotspot/share/classfile/systemDictionary.cpp, line 215]
Event: 3.777 Thread 0x000001827e8ba000 Exception <a 'java/lang/NoClassDefFoundError'{0x0000000088b24958}: javax/annotation/Priority> (0x0000000088b24958) 
thrown [./open/src/hotspot/share/classfile/systemDictionary.cpp, line 215]
Event: 3.872 Thread 0x000001827e8ba000 Exception <a 'java/lang/NoSuchMethodError'{0x0000000088a6d050}: 'java.lang.Object java.lang.invoke.DirectMethodHandle$Holder.invokeStaticInit(java.lang.Object, int, int, int, int)'> (0x0000000088a6d050) 
thrown [./open/src/hotspot/share/interpreter/linkResolver.cpp, line 766]

Events (20 events):
Event: 3.923 Executing VM operation: ICBufferFull
Event: 3.923 Executing VM operation: ICBufferFull done
Event: 3.958 loading class java/lang/ProcessEnvironment$CheckedKeySet
Event: 3.958 loading class java/lang/ProcessEnvironment$CheckedKeySet done
Event: 3.959 loading class java/util/Stack
Event: 3.960 loading class java/util/Stack done
Event: 3.961 Executing VM operation: HandshakeAllThreads
Event: 3.961 Executing VM operation: HandshakeAllThreads done
Event: 4.013 loading class java/util/ArrayList$SubList$1
Event: 4.014 loading class java/util/ArrayList$SubList$1 done
Event: 4.016 loading class java/nio/channels/OverlappingFileLockException
Event: 4.016 loading class java/nio/channels/OverlappingFileLockException done
Event: 4.018 loading class java/util/regex/Pattern$1
Event: 4.018 loading class java/util/regex/Pattern$1 done
Event: 4.028 loading class java/util/regex/Pattern$Pos
Event: 4.029 loading class java/util/regex/Pattern$Pos done
Event: 4.153 loading class java/lang/Short$ShortCache
Event: 4.154 loading class java/lang/Short$ShortCache done
Event: 4.154 loading class java/lang/Byte$ByteCache
Event: 4.154 loading class java/lang/Byte$ByteCache done


Dynamic libraries:
0x00007ff652ff0000 - 0x00007ff652fff000 	C:\Program Files\Java\jdk-14.0.2\bin\java.exe
0x00007ffa9cef0000 - 0x00007ffa9d0e5000 	C:\WINDOWS\SYSTEM32\ntdll.dll
0x00007ffa9c340000 - 0x00007ffa9c3fd000 	C:\WINDOWS\System32\KERNEL32.DLL
0x00007ffa9a9e0000 - 0x00007ffa9aca7000 	C:\WINDOWS\System32\KERNELBASE.dll
0x0000000070e30000 - 0x0000000070ed6000 	C:\WINDOWS\System32\SYSFER.DLL
0x00007ffa9a8e0000 - 0x00007ffa9a9e0000 	C:\WINDOWS\System32\ucrtbase.dll
0x00007ffa86e10000 - 0x00007ffa86e28000 	C:\Program Files\Java\jdk-14.0.2\bin\jli.dll
0x00007ffa9cd40000 - 0x00007ffa9cdea000 	C:\WINDOWS\System32\ADVAPI32.dll
0x00007ffa9b090000 - 0x00007ffa9b12e000 	C:\WINDOWS\System32\msvcrt.dll
0x00007ffa9c130000 - 0x00007ffa9c1cb000 	C:\WINDOWS\System32\sechost.dll
0x00007ffa9b280000 - 0x00007ffa9b3a3000 	C:\WINDOWS\System32\RPCRT4.dll
0x00007ffa9cb40000 - 0x00007ffa9cce0000 	C:\WINDOWS\System32\USER32.dll
0x00007ffa9a7d0000 - 0x00007ffa9a7f2000 	C:\WINDOWS\System32\win32u.dll
0x00007ffa9b130000 - 0x00007ffa9b15a000 	C:\WINDOWS\System32\GDI32.dll
0x00007ffa9a6c0000 - 0x00007ffa9a7ca000 	C:\WINDOWS\System32\gdi32full.dll
0x00007ffa9aec0000 - 0x00007ffa9af5d000 	C:\WINDOWS\System32\msvcp_win.dll
0x00007ffa86df0000 - 0x00007ffa86e05000 	C:\Program Files\Java\jdk-14.0.2\bin\VCRUNTIME140.dll
0x00007ffa89050000 - 0x00007ffa892ea000 	C:\WINDOWS\WinSxS\amd64_microsoft.windows.common-controls_6595b64144ccf1df_6.0.19041.1_none_b555e41d4684ddec\COMCTL32.dll
0x00007ffa8a110000 - 0x00007ffa8a11a000 	C:\WINDOWS\SYSTEM32\VERSION.dll
0x00007ffa9b820000 - 0x00007ffa9b828000 	C:\WINDOWS\System32\psapi.dll
0x00007ffa9c240000 - 0x00007ffa9c270000 	C:\WINDOWS\System32\IMM32.DLL
0x00007ffa624a0000 - 0x00007ffa6253b000 	C:\Program Files\Java\jdk-14.0.2\bin\msvcp140.dll
0x00007ffa3a870000 - 0x00007ffa3b38e000 	C:\Program Files\Java\jdk-14.0.2\bin\server\jvm.dll
0x00007ffa829f0000 - 0x00007ffa829f9000 	C:\WINDOWS\SYSTEM32\WSOCK32.dll
0x00007ffa9c1d0000 - 0x00007ffa9c23b000 	C:\WINDOWS\System32\WS2_32.dll
0x00007ffa872c0000 - 0x00007ffa872e7000 	C:\WINDOWS\SYSTEM32\WINMM.dll
0x00007ffa99290000 - 0x00007ffa992a3000 	C:\WINDOWS\SYSTEM32\kernel.appcore.dll
0x00007ffa8d230000 - 0x00007ffa8d23a000 	C:\Program Files\Java\jdk-14.0.2\bin\jimage.dll
0x00007ffa98fb0000 - 0x00007ffa99194000 	C:\WINDOWS\SYSTEM32\DBGHELP.DLL
0x00007ffa83b10000 - 0x00007ffa83b3c000 	C:\WINDOWS\SYSTEM32\dbgcore.DLL
0x00007ffa9a640000 - 0x00007ffa9a6bf000 	C:\WINDOWS\System32\bcryptPrimitives.dll
0x00007ffa66900000 - 0x00007ffa66925000 	C:\Program Files\Java\jdk-14.0.2\bin\java.dll
0x00007ffa86dd0000 - 0x00007ffa86de6000 	C:\Program Files\Java\jdk-14.0.2\bin\zip.dll
0x00007ffa9c400000 - 0x00007ffa9cb40000 	C:\WINDOWS\System32\SHELL32.dll
0x00007ffa97a40000 - 0x00007ffa981d1000 	C:\WINDOWS\SYSTEM32\windows.storage.dll
0x00007ffa9b3b0000 - 0x00007ffa9b703000 	C:\WINDOWS\System32\combase.dll
0x00007ffa9a0c0000 - 0x00007ffa9a0ec000 	C:\WINDOWS\SYSTEM32\Wldp.dll
0x00007ffa9ce00000 - 0x00007ffa9ceae000 	C:\WINDOWS\System32\SHCORE.dll
0x00007ffa9b8f0000 - 0x00007ffa9b945000 	C:\WINDOWS\System32\shlwapi.dll
0x00007ffa9a580000 - 0x00007ffa9a59f000 	C:\WINDOWS\SYSTEM32\profapi.dll
0x00007ffa69f50000 - 0x00007ffa69f69000 	C:\Program Files\Java\jdk-14.0.2\bin\net.dll
0x00007ffa91e20000 - 0x00007ffa91f20000 	C:\WINDOWS\SYSTEM32\WINHTTP.dll
0x00007ffa99e40000 - 0x00007ffa99eaa000 	C:\WINDOWS\system32\mswsock.dll
0x00007ffa69e20000 - 0x00007ffa69e32000 	C:\Program Files\Java\jdk-14.0.2\bin\nio.dll
0x00007ffa88420000 - 0x00007ffa88430000 	C:\Program Files\Java\jdk-14.0.2\bin\verify.dll
0x00007ffa86ed0000 - 0x00007ffa86eda000 	C:\apache\apache-maven-3.6.3\lib\jansi-native\windows64\jansi.dll

dbghelp: loaded successfully - version: 4.0.5 - missing functions: none
symbol engine: initialized successfully - sym options: 0x614 - pdb path: .;C:\Program Files\Java\jdk-14.0.2\bin;C:\WINDOWS\SYSTEM32;C:\WINDOWS\WinSxS\amd64_microsoft.windows.common-controls_6595b64144ccf1df_6.0.19041.1_none_b555e41d4684ddec;C:\Program Files\Java\jdk-14.0.2\bin\server;C:\apache\apache-maven-3.6.3\lib\jansi-native\windows64

VM Arguments:
jvm_args: -Dclassworlds.conf=C:\apache\apache-maven-3.6.3\bin\..\bin\m2.conf -Dmaven.home=C:\apache\apache-maven-3.6.3\bin\.. -Dlibrary.jansi.path=C:\apache\apache-maven-3.6.3\bin\..\lib\jansi-native -Dmaven.multiModuleProjectDirectory=D:\projects\devOps\ws_git\testGit\ws_RD\HelloWorld-master\HelloWorld-master\HelloWorld.parent 
java_command: org.codehaus.plexus.classworlds.launcher.Launcher clean
java_class_path (initial): C:\apache\apache-maven-3.6.3\bin\..\boot\plexus-classworlds-2.6.0.jar
Launcher Type: SUN_STANDARD

[Global flags]
     intx CICompilerCount                          = 3                                         {product} {ergonomic}
     uint ConcGCThreads                            = 1                                         {product} {ergonomic}
     uint G1ConcRefinementThreads                  = 4                                         {product} {ergonomic}
   size_t G1HeapRegionSize                         = 1048576                                   {product} {ergonomic}
    uintx GCDrainStackTargetSize                   = 64                                        {product} {ergonomic}
   size_t InitialHeapSize                          = 132120576                                 {product} {ergonomic}
   size_t MarkStackSize                            = 4194304                                   {product} {ergonomic}
   size_t MaxHeapSize                              = 2101346304                                {product} {ergonomic}
   size_t MaxNewSize                               = 1260388352                                {product} {ergonomic}
   size_t MinHeapDeltaBytes                        = 1048576                                   {product} {ergonomic}
   size_t MinHeapSize                              = 8388608                                   {product} {ergonomic}
    uintx NonNMethodCodeHeapSize                   = 5832780                                {pd product} {ergonomic}
    uintx NonProfiledCodeHeapSize                  = 122912730                              {pd product} {ergonomic}
    uintx ProfiledCodeHeapSize                     = 122912730                              {pd product} {ergonomic}
    uintx ReservedCodeCacheSize                    = 251658240                              {pd product} {ergonomic}
     bool SegmentedCodeCache                       = true                                      {product} {ergonomic}
   size_t SoftMaxHeapSize                          = 2101346304                             {manageable} {ergonomic}
     bool UseCompressedClassPointers               = true                                 {lp64_product} {ergonomic}
     bool UseCompressedOops                        = true                                 {lp64_product} {ergonomic}
     bool UseG1GC                                  = true                                      {product} {ergonomic}
     bool UseLargePagesIndividualAllocation        = false                                  {pd product} {ergonomic}

Logging:
Log output configuration:
 #0: stdout all=warning uptime,level,tags
 #1: stderr all=off uptime,level,tags

Environment Variables:
JAVA_HOME=C:\Program Files\Java\jdk-14.0.2
CLASSPATH=C:\tibco\tibrv\8.4\lib\tibrvnative.jar;
PATH=C:\cygwin64\bin;C:\Program Files\Java\jdk-14.0.2\bin;C:\apache\apache-maven-3.6.3;C:\apache\apache-maven-3.6.3\bin;C:\Program Files\TortoiseSVN\bin;C:\Program Files\Git\bin\;C:\Windows\System32;C:\cygwin64\bin\;C:\Users\syadav\AppData\Local\Microsoft\WindowsApps;C:\Program Files (x86)\SSH Communications Security\SSH Secure Shell;
USERNAME=syadav
OS=Windows_NT
PROCESSOR_IDENTIFIER=Intel64 Family 6 Model 78 Stepping 3, GenuineIntel



---------------  S Y S T E M  ---------------

OS: Windows 10 , 64 bit Build 19041 (10.0.19041.292)
OS uptime: 7 days 1:16 hours

CPU:total 4 (initial active 4) (2 cores per cpu, 2 threads per core) family 6 model 78 stepping 3, cmov, cx8, fxsr, mmx, sse, sse2, sse3, ssse3, sse4.1, sse4.2, popcnt, avx, avx2, aes, clmul, erms, rtm, 3dnowpref, lzcnt, ht, tsc, tscinvbit, bmi1, bmi2, adx, fma

Memory: 4k page, system-wide physical 8012M (334M free)
TotalPageFile size 23195M (AvailPageFile size 7M)
current process WorkingSet (physical memory assigned to process): 112M, peak: 112M
current process commit charge ("private bytes"): 237M, peak: 237M

vm_info: Java HotSpot(TM) 64-Bit Server VM (14.0.2+12-46) for windows-amd64 JRE (14.0.2+12-46), built on Jul  9 2020 00:35:52 by "mach5one" with MS VC++ 15.9 (VS2017)

END.
