#
# There is insufficient memory for the Java Runtime Environment to continue.
# Native memory allocation (malloc) failed to allocate 664128 bytes for Chunk::new
# Possible reasons:
#   The system is out of physical RAM or swap space
#   The process is running with CompressedOops enabled, and the Java Heap may be blocking the growth of the native heap
# Possible solutions:
#   Reduce memory load on the system
#   Increase physical memory or swap space
#   Check if swap backing store is full
#   Decrease Java heap size (-Xmx/-Xms)
#   Decrease number of Java threads
#   Decrease Java thread stack sizes (-Xss)
#   Set larger code cache with -XX:ReservedCodeCacheSize=
#   JVM is running with Unscaled Compressed Oops mode in which the Java heap is
#     placed in the first 4GB address space. The Java Heap base address is the
#     maximum limit for the native heap growth. Please use -XX:HeapBaseMinAddress
#     to set the Java Heap base and to place the Java Heap above 4GB virtual address.
# This output file may be truncated or incomplete.
#
#  Out of Memory Error (./open/src/hotspot/share/memory/arena.cpp:195), pid=2844, tid=19796
#
# JRE version: Java(TM) SE Runtime Environment (14.0.2+12) (build 14.0.2+12-46)
# Java VM: Java HotSpot(TM) 64-Bit Server VM (14.0.2+12-46, mixed mode, sharing, tiered, compressed oops, g1 gc, windows-amd64)
# No core dump will be written. Minidumps are not enabled by default on client versions of Windows
#

---------------  S U M M A R Y ------------

Command Line: -Dclassworlds.conf=C:\apache\apache-maven-3.6.3\bin\..\bin\m2.conf -Dmaven.home=C:\apache\apache-maven-3.6.3\bin\.. -Dlibrary.jansi.path=C:\apache\apache-maven-3.6.3\bin\..\lib\jansi-native -Dmaven.multiModuleProjectDirectory=D:\projects\devOps\ws_git\testGit\ws_RD\HelloWorld-master\HelloWorld-master\HelloWorld.parent org.codehaus.plexus.classworlds.launcher.Launcher clean

Host: Intel(R) Core(TM) i7-6600U CPU @ 2.60GHz, 4 cores, 7G,  Windows 10 , 64 bit Build 19041 (10.0.19041.292)
Time: Fri Sep  4 18:57:53 2020 India Standard Time elapsed time: 3 seconds (0d 0h 0m 3s)

---------------  T H R E A D  ---------------

Current thread (0x000001f2fe892000):  JavaThread "C2 CompilerThread0" daemon [_thread_in_native, id=19796, stack(0x00000010dce00000,0x00000010dcf00000)]


Current CompileTask:
C2:   3620 2121       4       jdk.internal.module.SystemModuleFinders$SystemModuleReader::find (54 bytes)

Stack: [0x00000010dce00000,0x00000010dcf00000]
Native frames: (J=compiled Java code, j=interpreted, Vv=VM code, C=native code)
V  [jvm.dll+0x5f8a9a]
V  [jvm.dll+0x74247a]
V  [jvm.dll+0x743c2f]
V  [jvm.dll+0x744273]
V  [jvm.dll+0x20d288]
V  [jvm.dll+0xabb07]
V  [jvm.dll+0xac1fc]
V  [jvm.dll+0x31c495]
V  [jvm.dll+0x2e6b38]
V  [jvm.dll+0x2e5f3a]
V  [jvm.dll+0x1e5e16]
V  [jvm.dll+0x1e50b8]
V  [jvm.dll+0x1779cc]
V  [jvm.dll+0x1f4105]
V  [jvm.dll+0x1f22eb]
V  [jvm.dll+0x7070cd]
V  [jvm.dll+0x6ffeda]
V  [jvm.dll+0x5f78f6]
C  [ucrtbase.dll+0x21542]
C  [KERNEL32.DLL+0x16fd4]
C  [ntdll.dll+0x4cec1]


---------------  P R O C E S S  ---------------

Threads class SMR info:
_java_thread_list=0x000001f2ff2dc230, length=11, elements={
0x000001f2ef09d800, 0x000001f2fe86b800, 0x000001f2fe877800, 0x000001f2fe88c000,
0x000001f2fe88d000, 0x000001f2fe88f000, 0x000001f2fe892000, 0x000001f2fe89d800,
0x000001f2fe89f000, 0x000001f2ff302000, 0x000001f2ff320800
}

Java Threads: ( => current thread )
  0x000001f2ef09d800 JavaThread "main" [_thread_in_Java, id=28500, stack(0x00000010dc200000,0x00000010dc300000)]
  0x000001f2fe86b800 JavaThread "Reference Handler" daemon [_thread_blocked, id=1752, stack(0x00000010dc900000,0x00000010dca00000)]
  0x000001f2fe877800 JavaThread "Finalizer" daemon [_thread_blocked, id=24452, stack(0x00000010dca00000,0x00000010dcb00000)]
  0x000001f2fe88c000 JavaThread "Signal Dispatcher" daemon [_thread_blocked, id=20052, stack(0x00000010dcb00000,0x00000010dcc00000)]
  0x000001f2fe88d000 JavaThread "Attach Listener" daemon [_thread_blocked, id=27756, stack(0x00000010dcc00000,0x00000010dcd00000)]
  0x000001f2fe88f000 JavaThread "Service Thread" daemon [_thread_blocked, id=28812, stack(0x00000010dcd00000,0x00000010dce00000)]
=>0x000001f2fe892000 JavaThread "C2 CompilerThread0" daemon [_thread_in_native, id=19796, stack(0x00000010dce00000,0x00000010dcf00000)]
  0x000001f2fe89d800 JavaThread "C1 CompilerThread0" daemon [_thread_in_vm, id=7060, stack(0x00000010dcf00000,0x00000010dd000000)]
  0x000001f2fe89f000 JavaThread "Sweeper thread" daemon [_thread_blocked, id=20900, stack(0x00000010dd000000,0x00000010dd100000)]
  0x000001f2ff302000 JavaThread "Notification Thread" daemon [_thread_blocked, id=20232, stack(0x00000010dd100000,0x00000010dd200000)]
  0x000001f2ff320800 JavaThread "Common-Cleaner" daemon [_thread_blocked, id=26700, stack(0x00000010dd300000,0x00000010dd400000)]

Other Threads:
  0x000001f2fe869000 VMThread "VM Thread" [stack: 0x00000010dc800000,0x00000010dc900000] [id=21152]
  0x000001f2ff320000 WatcherThread [stack: 0x00000010dd200000,0x00000010dd300000] [id=24416]
  0x000001f2f11cb800 GCTaskThread "GC Thread#0" [stack: 0x00000010dc300000,0x00000010dc400000] [id=23268]
  0x000001f2ff885000 GCTaskThread "GC Thread#1" [stack: 0x00000010dd400000,0x00000010dd500000] [id=29100]
  0x000001f2ff874800 GCTaskThread "GC Thread#2" [stack: 0x00000010dd500000,0x00000010dd600000] [id=25596]
  0x000001f2f11dd000 ConcurrentGCThread "G1 Main Marker" [stack: 0x00000010dc400000,0x00000010dc500000] [id=30004]
  0x000001f2f11df000 ConcurrentGCThread "G1 Conc#0" [stack: 0x00000010dc500000,0x00000010dc600000] [id=26144]
  0x000001f2fe6e0800 ConcurrentGCThread "G1 Refine#0" [stack: 0x00000010dc600000,0x00000010dc700000] [id=29600]
  0x000001f2fe6e1800 ConcurrentGCThread "G1 Young RemSet Sampling" [stack: 0x00000010dc700000,0x00000010dc800000] [id=18724]

Threads with active compile tasks:
C2 CompilerThread0     3659 2121       4       jdk.internal.module.SystemModuleFinders$SystemModuleReader::find (54 bytes)

VM state:not at safepoint (normal execution)

VM Mutex/Monitor currently owned by a thread: None

Heap address: 0x0000000082c00000, size: 2004 MB, Compressed Oops mode: 32-bit
Narrow klass base: 0x0000000800000000, Narrow klass shift: 3
Compressed class space size: 1073741824 Address: 0x0000000800b30000

Heap:
 garbage-first heap   total 129024K, used 47989K [0x0000000082c00000, 0x0000000100000000)
  region size 1024K, 45 young (46080K), 1 survivors (1024K)
 Metaspace       used 13964K, capacity 14533K, committed 14720K, reserved 1062912K
  class space    used 1679K, capacity 1810K, committed 1920K, reserved 1048576K
Heap Regions: E=young(eden), S=young(survivor), O=old, HS=humongous(starts), HC=humongous(continues), CS=collection set, F=free, OA=open archive, CA=closed archive, TAMS=top-at-mark-start (previous, next)
|   0|0x0000000082c00000, 0x0000000082d00000, 0x0000000082d00000|100%| O|  |TAMS 0x0000000082c00000, 0x0000000082c00000| Untracked 
|   1|0x0000000082d00000, 0x0000000082e00000, 0x0000000082e00000|100%| O|  |TAMS 0x0000000082d00000, 0x0000000082d00000| Untracked 
|   2|0x0000000082e00000, 0x0000000082f00000, 0x0000000082f00000|100%| O|  |TAMS 0x0000000082e00000, 0x0000000082e00000| Untracked 
|   3|0x0000000082f00000, 0x0000000082f38e00, 0x0000000083000000| 22%| O|  |TAMS 0x0000000082f00000, 0x0000000082f00000| Untracked 
|   4|0x0000000083000000, 0x0000000083000000, 0x0000000083100000|  0%| F|  |TAMS 0x0000000083000000, 0x0000000083000000| Untracked 
|   5|0x0000000083100000, 0x0000000083100000, 0x0000000083200000|  0%| F|  |TAMS 0x0000000083100000, 0x0000000083100000| Untracked 
|   6|0x0000000083200000, 0x0000000083200000, 0x0000000083300000|  0%| F|  |TAMS 0x0000000083200000, 0x0000000083200000| Untracked 
|   7|0x0000000083300000, 0x0000000083300000, 0x0000000083400000|  0%| F|  |TAMS 0x0000000083300000, 0x0000000083300000| Untracked 
|   8|0x0000000083400000, 0x0000000083400000, 0x0000000083500000|  0%| F|  |TAMS 0x0000000083400000, 0x0000000083400000| Untracked 
|   9|0x0000000083500000, 0x0000000083500000, 0x0000000083600000|  0%| F|  |TAMS 0x0000000083500000, 0x0000000083500000| Untracked 
|  10|0x0000000083600000, 0x0000000083600000, 0x0000000083700000|  0%| F|  |TAMS 0x0000000083600000, 0x0000000083600000| Untracked 
|  11|0x0000000083700000, 0x0000000083700000, 0x0000000083800000|  0%| F|  |TAMS 0x0000000083700000, 0x0000000083700000| Untracked 
|  12|0x0000000083800000, 0x0000000083800000, 0x0000000083900000|  0%| F|  |TAMS 0x0000000083800000, 0x0000000083800000| Untracked 
|  13|0x0000000083900000, 0x0000000083900000, 0x0000000083a00000|  0%| F|  |TAMS 0x0000000083900000, 0x0000000083900000| Untracked 
|  14|0x0000000083a00000, 0x0000000083a00000, 0x0000000083b00000|  0%| F|  |TAMS 0x0000000083a00000, 0x0000000083a00000| Untracked 
|  15|0x0000000083b00000, 0x0000000083b00000, 0x0000000083c00000|  0%| F|  |TAMS 0x0000000083b00000, 0x0000000083b00000| Untracked 
|  16|0x0000000083c00000, 0x0000000083c00000, 0x0000000083d00000|  0%| F|  |TAMS 0x0000000083c00000, 0x0000000083c00000| Untracked 
|  17|0x0000000083d00000, 0x0000000083d00000, 0x0000000083e00000|  0%| F|  |TAMS 0x0000000083d00000, 0x0000000083d00000| Untracked 
|  18|0x0000000083e00000, 0x0000000083e00000, 0x0000000083f00000|  0%| F|  |TAMS 0x0000000083e00000, 0x0000000083e00000| Untracked 
|  19|0x0000000083f00000, 0x0000000083f00000, 0x0000000084000000|  0%| F|  |TAMS 0x0000000083f00000, 0x0000000083f00000| Untracked 
|  20|0x0000000084000000, 0x0000000084000000, 0x0000000084100000|  0%| F|  |TAMS 0x0000000084000000, 0x0000000084000000| Untracked 
|  21|0x0000000084100000, 0x0000000084100000, 0x0000000084200000|  0%| F|  |TAMS 0x0000000084100000, 0x0000000084100000| Untracked 
|  22|0x0000000084200000, 0x0000000084200000, 0x0000000084300000|  0%| F|  |TAMS 0x0000000084200000, 0x0000000084200000| Untracked 
|  23|0x0000000084300000, 0x0000000084300000, 0x0000000084400000|  0%| F|  |TAMS 0x0000000084300000, 0x0000000084300000| Untracked 
|  24|0x0000000084400000, 0x0000000084400000, 0x0000000084500000|  0%| F|  |TAMS 0x0000000084400000, 0x0000000084400000| Untracked 
|  25|0x0000000084500000, 0x0000000084500000, 0x0000000084600000|  0%| F|  |TAMS 0x0000000084500000, 0x0000000084500000| Untracked 
|  26|0x0000000084600000, 0x0000000084600000, 0x0000000084700000|  0%| F|  |TAMS 0x0000000084600000, 0x0000000084600000| Untracked 
|  27|0x0000000084700000, 0x0000000084700000, 0x0000000084800000|  0%| F|  |TAMS 0x0000000084700000, 0x0000000084700000| Untracked 
|  28|0x0000000084800000, 0x0000000084800000, 0x0000000084900000|  0%| F|  |TAMS 0x0000000084800000, 0x0000000084800000| Untracked 
|  29|0x0000000084900000, 0x0000000084900000, 0x0000000084a00000|  0%| F|  |TAMS 0x0000000084900000, 0x0000000084900000| Untracked 
|  30|0x0000000084a00000, 0x0000000084a00000, 0x0000000084b00000|  0%| F|  |TAMS 0x0000000084a00000, 0x0000000084a00000| Untracked 
|  31|0x0000000084b00000, 0x0000000084b00000, 0x0000000084c00000|  0%| F|  |TAMS 0x0000000084b00000, 0x0000000084b00000| Untracked 
|  32|0x0000000084c00000, 0x0000000084c00000, 0x0000000084d00000|  0%| F|  |TAMS 0x0000000084c00000, 0x0000000084c00000| Untracked 
|  33|0x0000000084d00000, 0x0000000084d00000, 0x0000000084e00000|  0%| F|  |TAMS 0x0000000084d00000, 0x0000000084d00000| Untracked 
|  34|0x0000000084e00000, 0x0000000084e00000, 0x0000000084f00000|  0%| F|  |TAMS 0x0000000084e00000, 0x0000000084e00000| Untracked 
|  35|0x0000000084f00000, 0x0000000084f00000, 0x0000000085000000|  0%| F|  |TAMS 0x0000000084f00000, 0x0000000084f00000| Untracked 
|  36|0x0000000085000000, 0x0000000085000000, 0x0000000085100000|  0%| F|  |TAMS 0x0000000085000000, 0x0000000085000000| Untracked 
|  37|0x0000000085100000, 0x0000000085100000, 0x0000000085200000|  0%| F|  |TAMS 0x0000000085100000, 0x0000000085100000| Untracked 
|  38|0x0000000085200000, 0x0000000085200000, 0x0000000085300000|  0%| F|  |TAMS 0x0000000085200000, 0x0000000085200000| Untracked 
|  39|0x0000000085300000, 0x0000000085300000, 0x0000000085400000|  0%| F|  |TAMS 0x0000000085300000, 0x0000000085300000| Untracked 
|  40|0x0000000085400000, 0x0000000085400000, 0x0000000085500000|  0%| F|  |TAMS 0x0000000085400000, 0x0000000085400000| Untracked 
|  41|0x0000000085500000, 0x0000000085500000, 0x0000000085600000|  0%| F|  |TAMS 0x0000000085500000, 0x0000000085500000| Untracked 
|  42|0x0000000085600000, 0x0000000085600000, 0x0000000085700000|  0%| F|  |TAMS 0x0000000085600000, 0x0000000085600000| Untracked 
|  43|0x0000000085700000, 0x0000000085700000, 0x0000000085800000|  0%| F|  |TAMS 0x0000000085700000, 0x0000000085700000| Untracked 
|  44|0x0000000085800000, 0x0000000085800000, 0x0000000085900000|  0%| F|  |TAMS 0x0000000085800000, 0x0000000085800000| Untracked 
|  45|0x0000000085900000, 0x0000000085900000, 0x0000000085a00000|  0%| F|  |TAMS 0x0000000085900000, 0x0000000085900000| Untracked 
|  46|0x0000000085a00000, 0x0000000085a00000, 0x0000000085b00000|  0%| F|  |TAMS 0x0000000085a00000, 0x0000000085a00000| Untracked 
|  47|0x0000000085b00000, 0x0000000085b00000, 0x0000000085c00000|  0%| F|  |TAMS 0x0000000085b00000, 0x0000000085b00000| Untracked 
|  48|0x0000000085c00000, 0x0000000085c00000, 0x0000000085d00000|  0%| F|  |TAMS 0x0000000085c00000, 0x0000000085c00000| Untracked 
|  49|0x0000000085d00000, 0x0000000085d00000, 0x0000000085e00000|  0%| F|  |TAMS 0x0000000085d00000, 0x0000000085d00000| Untracked 
|  50|0x0000000085e00000, 0x0000000085e00000, 0x0000000085f00000|  0%| F|  |TAMS 0x0000000085e00000, 0x0000000085e00000| Untracked 
|  51|0x0000000085f00000, 0x0000000085f00000, 0x0000000086000000|  0%| F|  |TAMS 0x0000000085f00000, 0x0000000085f00000| Untracked 
|  52|0x0000000086000000, 0x0000000086000000, 0x0000000086100000|  0%| F|  |TAMS 0x0000000086000000, 0x0000000086000000| Untracked 
|  53|0x0000000086100000, 0x0000000086100000, 0x0000000086200000|  0%| F|  |TAMS 0x0000000086100000, 0x0000000086100000| Untracked 
|  54|0x0000000086200000, 0x0000000086200000, 0x0000000086300000|  0%| F|  |TAMS 0x0000000086200000, 0x0000000086200000| Untracked 
|  55|0x0000000086300000, 0x0000000086300000, 0x0000000086400000|  0%| F|  |TAMS 0x0000000086300000, 0x0000000086300000| Untracked 
|  56|0x0000000086400000, 0x0000000086400000, 0x0000000086500000|  0%| F|  |TAMS 0x0000000086400000, 0x0000000086400000| Untracked 
|  57|0x0000000086500000, 0x0000000086500000, 0x0000000086600000|  0%| F|  |TAMS 0x0000000086500000, 0x0000000086500000| Untracked 
|  58|0x0000000086600000, 0x0000000086600000, 0x0000000086700000|  0%| F|  |TAMS 0x0000000086600000, 0x0000000086600000| Untracked 
|  59|0x0000000086700000, 0x0000000086700000, 0x0000000086800000|  0%| F|  |TAMS 0x0000000086700000, 0x0000000086700000| Untracked 
|  60|0x0000000086800000, 0x0000000086800000, 0x0000000086900000|  0%| F|  |TAMS 0x0000000086800000, 0x0000000086800000| Untracked 
|  61|0x0000000086900000, 0x0000000086900000, 0x0000000086a00000|  0%| F|  |TAMS 0x0000000086900000, 0x0000000086900000| Untracked 
|  62|0x0000000086a00000, 0x0000000086a00000, 0x0000000086b00000|  0%| F|  |TAMS 0x0000000086a00000, 0x0000000086a00000| Untracked 
|  63|0x0000000086b00000, 0x0000000086b00000, 0x0000000086c00000|  0%| F|  |TAMS 0x0000000086b00000, 0x0000000086b00000| Untracked 
|  64|0x0000000086c00000, 0x0000000086c00000, 0x0000000086d00000|  0%| F|  |TAMS 0x0000000086c00000, 0x0000000086c00000| Untracked 
|  65|0x0000000086d00000, 0x0000000086d00000, 0x0000000086e00000|  0%| F|  |TAMS 0x0000000086d00000, 0x0000000086d00000| Untracked 
|  66|0x0000000086e00000, 0x0000000086e00000, 0x0000000086f00000|  0%| F|  |TAMS 0x0000000086e00000, 0x0000000086e00000| Untracked 
|  67|0x0000000086f00000, 0x0000000086f00000, 0x0000000087000000|  0%| F|  |TAMS 0x0000000086f00000, 0x0000000086f00000| Untracked 
|  68|0x0000000087000000, 0x0000000087000000, 0x0000000087100000|  0%| F|  |TAMS 0x0000000087000000, 0x0000000087000000| Untracked 
|  69|0x0000000087100000, 0x0000000087100000, 0x0000000087200000|  0%| F|  |TAMS 0x0000000087100000, 0x0000000087100000| Untracked 
|  70|0x0000000087200000, 0x0000000087200000, 0x0000000087300000|  0%| F|  |TAMS 0x0000000087200000, 0x0000000087200000| Untracked 
|  71|0x0000000087300000, 0x0000000087300000, 0x0000000087400000|  0%| F|  |TAMS 0x0000000087300000, 0x0000000087300000| Untracked 
|  72|0x0000000087400000, 0x0000000087400000, 0x0000000087500000|  0%| F|  |TAMS 0x0000000087400000, 0x0000000087400000| Untracked 
|  73|0x0000000087500000, 0x0000000087500000, 0x0000000087600000|  0%| F|  |TAMS 0x0000000087500000, 0x0000000087500000| Untracked 
|  74|0x0000000087600000, 0x0000000087600000, 0x0000000087700000|  0%| F|  |TAMS 0x0000000087600000, 0x0000000087600000| Untracked 
|  75|0x0000000087700000, 0x0000000087700000, 0x0000000087800000|  0%| F|  |TAMS 0x0000000087700000, 0x0000000087700000| Untracked 
|  76|0x0000000087800000, 0x0000000087800000, 0x0000000087900000|  0%| F|  |TAMS 0x0000000087800000, 0x0000000087800000| Untracked 
|  77|0x0000000087900000, 0x0000000087900000, 0x0000000087a00000|  0%| F|  |TAMS 0x0000000087900000, 0x0000000087900000| Untracked 
|  78|0x0000000087a00000, 0x0000000087a00000, 0x0000000087b00000|  0%| F|  |TAMS 0x0000000087a00000, 0x0000000087a00000| Untracked 
|  79|0x0000000087b00000, 0x0000000087b00000, 0x0000000087c00000|  0%| F|  |TAMS 0x0000000087b00000, 0x0000000087b00000| Untracked 
|  80|0x0000000087c00000, 0x0000000087c00000, 0x0000000087d00000|  0%| F|  |TAMS 0x0000000087c00000, 0x0000000087c00000| Untracked 
|  81|0x0000000087d00000, 0x0000000087e00000, 0x0000000087e00000|100%| E|  |TAMS 0x0000000087d00000, 0x0000000087d00000| Complete 
|  82|0x0000000087e00000, 0x0000000087f00000, 0x0000000087f00000|100%| E|CS|TAMS 0x0000000087e00000, 0x0000000087e00000| Complete 
|  83|0x0000000087f00000, 0x0000000088000000, 0x0000000088000000|100%| E|CS|TAMS 0x0000000087f00000, 0x0000000087f00000| Complete 
|  84|0x0000000088000000, 0x0000000088100000, 0x0000000088100000|100%| E|CS|TAMS 0x0000000088000000, 0x0000000088000000| Complete 
|  85|0x0000000088100000, 0x0000000088200000, 0x0000000088200000|100%| E|CS|TAMS 0x0000000088100000, 0x0000000088100000| Complete 
|  86|0x0000000088200000, 0x0000000088300000, 0x0000000088300000|100%| E|CS|TAMS 0x0000000088200000, 0x0000000088200000| Complete 
|  87|0x0000000088300000, 0x0000000088400000, 0x0000000088400000|100%| E|CS|TAMS 0x0000000088300000, 0x0000000088300000| Complete 
|  88|0x0000000088400000, 0x0000000088500000, 0x0000000088500000|100%| E|CS|TAMS 0x0000000088400000, 0x0000000088400000| Complete 
|  89|0x0000000088500000, 0x0000000088600000, 0x0000000088600000|100%| E|CS|TAMS 0x0000000088500000, 0x0000000088500000| Complete 
|  90|0x0000000088600000, 0x0000000088700000, 0x0000000088700000|100%| E|CS|TAMS 0x0000000088600000, 0x0000000088600000| Complete 
|  91|0x0000000088700000, 0x0000000088800000, 0x0000000088800000|100%| E|CS|TAMS 0x0000000088700000, 0x0000000088700000| Complete 
|  92|0x0000000088800000, 0x0000000088900000, 0x0000000088900000|100%| E|CS|TAMS 0x0000000088800000, 0x0000000088800000| Complete 
|  93|0x0000000088900000, 0x0000000088a00000, 0x0000000088a00000|100%| E|CS|TAMS 0x0000000088900000, 0x0000000088900000| Complete 
|  94|0x0000000088a00000, 0x0000000088b00000, 0x0000000088b00000|100%| E|CS|TAMS 0x0000000088a00000, 0x0000000088a00000| Complete 
|  95|0x0000000088b00000, 0x0000000088c00000, 0x0000000088c00000|100%| E|CS|TAMS 0x0000000088b00000, 0x0000000088b00000| Complete 
|  96|0x0000000088c00000, 0x0000000088d00000, 0x0000000088d00000|100%| E|CS|TAMS 0x0000000088c00000, 0x0000000088c00000| Complete 
|  97|0x0000000088d00000, 0x0000000088e00000, 0x0000000088e00000|100%| E|CS|TAMS 0x0000000088d00000, 0x0000000088d00000| Complete 
|  98|0x0000000088e00000, 0x0000000088f00000, 0x0000000088f00000|100%| E|CS|TAMS 0x0000000088e00000, 0x0000000088e00000| Complete 
|  99|0x0000000088f00000, 0x0000000089000000, 0x0000000089000000|100%| E|CS|TAMS 0x0000000088f00000, 0x0000000088f00000| Complete 
| 100|0x0000000089000000, 0x0000000089100000, 0x0000000089100000|100%| E|CS|TAMS 0x0000000089000000, 0x0000000089000000| Complete 
| 101|0x0000000089100000, 0x0000000089200000, 0x0000000089200000|100%| E|CS|TAMS 0x0000000089100000, 0x0000000089100000| Complete 
| 102|0x0000000089200000, 0x0000000089300000, 0x0000000089300000|100%| E|CS|TAMS 0x0000000089200000, 0x0000000089200000| Complete 
| 103|0x0000000089300000, 0x0000000089400000, 0x0000000089400000|100%| E|CS|TAMS 0x0000000089300000, 0x0000000089300000| Complete 
| 104|0x0000000089400000, 0x0000000089500000, 0x0000000089500000|100%| E|CS|TAMS 0x0000000089400000, 0x0000000089400000| Complete 
| 105|0x0000000089500000, 0x0000000089600000, 0x0000000089600000|100%| E|CS|TAMS 0x0000000089500000, 0x0000000089500000| Complete 
| 106|0x0000000089600000, 0x0000000089700000, 0x0000000089700000|100%| E|CS|TAMS 0x0000000089600000, 0x0000000089600000| Complete 
| 107|0x0000000089700000, 0x0000000089800000, 0x0000000089800000|100%| E|CS|TAMS 0x0000000089700000, 0x0000000089700000| Complete 
| 108|0x0000000089800000, 0x0000000089900000, 0x0000000089900000|100%| E|CS|TAMS 0x0000000089800000, 0x0000000089800000| Complete 
| 109|0x0000000089900000, 0x00000000899a4910, 0x0000000089a00000| 64%| S|CS|TAMS 0x0000000089900000, 0x0000000089900000| Complete 
| 110|0x0000000089a00000, 0x0000000089b00000, 0x0000000089b00000|100%| E|CS|TAMS 0x0000000089a00000, 0x0000000089a00000| Complete 
| 111|0x0000000089b00000, 0x0000000089c00000, 0x0000000089c00000|100%| E|CS|TAMS 0x0000000089b00000, 0x0000000089b00000| Complete 
| 112|0x0000000089c00000, 0x0000000089d00000, 0x0000000089d00000|100%| E|CS|TAMS 0x0000000089c00000, 0x0000000089c00000| Complete 
| 113|0x0000000089d00000, 0x0000000089e00000, 0x0000000089e00000|100%| E|CS|TAMS 0x0000000089d00000, 0x0000000089d00000| Complete 
| 114|0x0000000089e00000, 0x0000000089f00000, 0x0000000089f00000|100%| E|CS|TAMS 0x0000000089e00000, 0x0000000089e00000| Complete 
| 115|0x0000000089f00000, 0x000000008a000000, 0x000000008a000000|100%| E|CS|TAMS 0x0000000089f00000, 0x0000000089f00000| Complete 
| 116|0x000000008a000000, 0x000000008a100000, 0x000000008a100000|100%| E|CS|TAMS 0x000000008a000000, 0x000000008a000000| Complete 
| 117|0x000000008a100000, 0x000000008a200000, 0x000000008a200000|100%| E|CS|TAMS 0x000000008a100000, 0x000000008a100000| Complete 
| 118|0x000000008a200000, 0x000000008a300000, 0x000000008a300000|100%| E|CS|TAMS 0x000000008a200000, 0x000000008a200000| Complete 
| 119|0x000000008a300000, 0x000000008a400000, 0x000000008a400000|100%| E|CS|TAMS 0x000000008a300000, 0x000000008a300000| Complete 
| 120|0x000000008a400000, 0x000000008a500000, 0x000000008a500000|100%| E|CS|TAMS 0x000000008a400000, 0x000000008a400000| Complete 
| 121|0x000000008a500000, 0x000000008a600000, 0x000000008a600000|100%| E|CS|TAMS 0x000000008a500000, 0x000000008a500000| Complete 
| 122|0x000000008a600000, 0x000000008a700000, 0x000000008a700000|100%| E|CS|TAMS 0x000000008a600000, 0x000000008a600000| Complete 
| 123|0x000000008a700000, 0x000000008a800000, 0x000000008a800000|100%| E|CS|TAMS 0x000000008a700000, 0x000000008a700000| Complete 
| 124|0x000000008a800000, 0x000000008a900000, 0x000000008a900000|100%| E|CS|TAMS 0x000000008a800000, 0x000000008a800000| Complete 
| 125|0x000000008a900000, 0x000000008aa00000, 0x000000008aa00000|100%| E|CS|TAMS 0x000000008a900000, 0x000000008a900000| Complete 

Card table byte_map: [0x000001f2f9d20000,0x000001f2fa110000] _byte_map_base: 0x000001f2f990a000

Marking Bits (Prev, Next): (CMBitMap*) 0x000001f2f11cc6f8, (CMBitMap*) 0x000001f2f11cc738
 Prev Bits: [0x000001f2fa500000, 0x000001f2fc450000)
 Next Bits: [0x000001f2fc450000, 0x000001f2fe3a0000)

Polling page: 0x000001f2ef110000

Metaspace:

Usage:
  Non-class:     12.42 MB capacity,    12.00 MB ( 97%) used,   414.43 KB (  3%) free+waste,    18.19 KB ( <1%) overhead. 
      Class:      1.77 MB capacity,     1.64 MB ( 93%) used,   121.51 KB (  7%) free+waste,     8.75 KB ( <1%) overhead. 
       Both:     14.19 MB capacity,    13.64 MB ( 96%) used,   535.94 KB (  4%) free+waste,    26.94 KB ( <1%) overhead. 

Virtual space:
  Non-class space:       14.00 MB reserved,      12.50 MB ( 89%) committed 
      Class space:        1.00 GB reserved,       1.88 MB ( <1%) committed 
             Both:        1.01 GB reserved,      14.38 MB (  1%) committed 

Chunk freelists:
   Non-Class:  13.00 KB
       Class:  14.00 KB
        Both:  27.00 KB

MaxMetaspaceSize: 17179869184.00 GB
CompressedClassSpaceSize: 1.00 GB

CodeHeap 'non-profiled nmethods': size=120000Kb used=796Kb max_used=796Kb free=119203Kb
 bounds [0x000001f287ad0000, 0x000001f287d40000, 0x000001f28f000000]
CodeHeap 'profiled nmethods': size=120000Kb used=4595Kb max_used=4595Kb free=115404Kb
 bounds [0x000001f2805a0000, 0x000001f280a20000, 0x000001f287ad0000]
CodeHeap 'non-nmethods': size=5760Kb used=1207Kb max_used=1223Kb free=4552Kb
 bounds [0x000001f280000000, 0x000001f280270000, 0x000001f2805a0000]
 total_blobs=2669 nmethods=2202 adapters=379
 compilation: enabled
              stopped_count=0, restarted_count=0
 full_count=0

Compilation events (20 events):
Event: 3.592 Thread 0x000001f2fe89d800 nmethod 2164 0x000001f2809f8e10 code [0x000001f2809f8fc0, 0x000001f2809f9238]
Event: 3.599 Thread 0x000001f2fe89d800 2166       3       sun.security.ssl.CipherSuite::<init> (107 bytes)
Event: 3.600 Thread 0x000001f2fe89d800 nmethod 2166 0x000001f2809f9390 code [0x000001f2809f9640, 0x000001f2809fa668]
Event: 3.600 Thread 0x000001f2fe89d800 2167       3       java.util.Arrays$ArrayList::size (6 bytes)
Event: 3.600 Thread 0x000001f2fe89d800 nmethod 2167 0x000001f2809fac10 code [0x000001f2809fada0, 0x000001f2809faed8]
Event: 3.601 Thread 0x000001f2fe89d800 2168   !   3       java.util.regex.Pattern::matcher (44 bytes)
Event: 3.601 Thread 0x000001f2fe89d800 nmethod 2168 0x000001f2809faf90 code [0x000001f2809fb140, 0x000001f2809fb5b8]
Event: 3.601 Thread 0x000001f2fe89d800 2169       3       java.util.regex.Matcher::<init> (95 bytes)
Event: 3.602 Thread 0x000001f2fe89d800 nmethod 2169 0x000001f2809fb710 code [0x000001f2809fb8e0, 0x000001f2809fbf48]
Event: 3.602 Thread 0x000001f2fe89d800 2171       3       java.util.regex.Pattern$SliceI::match (96 bytes)
Event: 3.602 Thread 0x000001f2fe89d800 nmethod 2171 0x000001f2809fc110 code [0x000001f2809fc300, 0x000001f2809fc958]
Event: 3.602 Thread 0x000001f2fe89d800 2170       3       java.util.Arrays$ArrayList::contains (14 bytes)
Event: 3.603 Thread 0x000001f2fe89d800 nmethod 2170 0x000001f2809fcb90 code [0x000001f2809fcd40, 0x000001f2809fcf08]
Event: 3.604 Thread 0x000001f2fe89d800 2172       3       java.nio.ByteOrder::nativeOrder (4 bytes)
Event: 3.604 Thread 0x000001f2fe89d800 nmethod 2172 0x000001f2809fcf90 code [0x000001f2809fd120, 0x000001f2809fd218]
Event: 3.607 Thread 0x000001f2fe89d800 2173       3       java.util.concurrent.ConcurrentHashMap::resizeStamp (9 bytes)
Event: 3.607 Thread 0x000001f2fe89d800 nmethod 2173 0x000001f2809fd290 code [0x000001f2809fd420, 0x000001f2809fd528]
Event: 3.609 Thread 0x000001f2fe89d800 2174       3       java.util.concurrent.ConcurrentHashMap::isEmpty (15 bytes)
Event: 3.609 Thread 0x000001f2fe89d800 nmethod 2174 0x000001f2809fd610 code [0x000001f2809fd7c0, 0x000001f2809fd968]
Event: 3.616 Thread 0x000001f2fe89d800 2177       1       java.util.Collections$EmptyList::contains (2 bytes)

GC Heap History (4 events):
Event: 1.227 GC heap before
{Heap before GC invocations=0 (full 0):
 garbage-first heap   total 129024K, used 12288K [0x0000000082c00000, 0x0000000100000000)
  region size 1024K, 13 young (13312K), 0 survivors (0K)
 Metaspace       used 3724K, capacity 6828K, committed 6912K, reserved 1056768K
  class space    used 398K, capacity 727K, committed 768K, reserved 1048576K
}
Event: 1.233 GC heap after
{Heap after GC invocations=1 (full 0):
 garbage-first heap   total 129024K, used 3104K [0x0000000082c00000, 0x0000000100000000)
  region size 1024K, 2 young (2048K), 2 survivors (2048K)
 Metaspace       used 3724K, capacity 6828K, committed 6912K, reserved 1056768K
  class space    used 398K, capacity 727K, committed 768K, reserved 1048576K
}
Event: 1.803 GC heap before
{Heap before GC invocations=1 (full 0):
 garbage-first heap   total 129024K, used 17440K [0x0000000082c00000, 0x0000000100000000)
  region size 1024K, 16 young (16384K), 2 survivors (2048K)
 Metaspace       used 5505K, capacity 8063K, committed 8192K, reserved 1056768K
  class space    used 655K, capacity 925K, committed 1024K, reserved 1048576K
}
Event: 1.808 GC heap after
{Heap after GC invocations=2 (full 0):
 garbage-first heap   total 129024K, used 3957K [0x0000000082c00000, 0x0000000100000000)
  region size 1024K, 1 young (1024K), 1 survivors (1024K)
 Metaspace       used 5505K, capacity 8063K, committed 8192K, reserved 1056768K
  class space    used 655K, capacity 925K, committed 1024K, reserved 1048576K
}

Deoptimization events (20 events):
Event: 3.538 Thread 0x000001f2ef09d800 Uncommon trap: trap_request=0xffffffbe fr.pc=0x000001f287b8a3d8 relative=0x0000000000002438
Event: 3.538 Thread 0x000001f2ef09d800 Uncommon trap: reason=profile_predicate action=maybe_recompile pc=0x000001f287b8a3d8 method=jdk.internal.jimage.ImageStringsReader.charsFromByteBuffer([CLjava/nio/ByteBuffer;)V @ 6 c2
Event: 3.539 Thread 0x000001f2ef09d800 DEOPT PACKING pc=0x000001f287b8a3d8 sp=0x00000010dc2f6c50
Event: 3.539 Thread 0x000001f2ef09d800 DEOPT UNPACKING pc=0x000001f28004912f sp=0x00000010dc2f68c8 mode 2
Event: 3.539 Thread 0x000001f2ef09d800 Uncommon trap: trap_request=0xffffffbe fr.pc=0x000001f287b8a3d8 relative=0x0000000000002438
Event: 3.539 Thread 0x000001f2ef09d800 Uncommon trap: reason=profile_predicate action=maybe_recompile pc=0x000001f287b8a3d8 method=jdk.internal.jimage.ImageStringsReader.charsFromByteBuffer([CLjava/nio/ByteBuffer;)V @ 6 c2
Event: 3.539 Thread 0x000001f2ef09d800 DEOPT PACKING pc=0x000001f287b8a3d8 sp=0x00000010dc2f6c50
Event: 3.539 Thread 0x000001f2ef09d800 DEOPT UNPACKING pc=0x000001f28004912f sp=0x00000010dc2f68c8 mode 2
Event: 3.539 Thread 0x000001f2ef09d800 Uncommon trap: trap_request=0xffffffbe fr.pc=0x000001f287b8a3d8 relative=0x0000000000002438
Event: 3.539 Thread 0x000001f2ef09d800 Uncommon trap: reason=profile_predicate action=maybe_recompile pc=0x000001f287b8a3d8 method=jdk.internal.jimage.ImageStringsReader.charsFromByteBuffer([CLjava/nio/ByteBuffer;)V @ 6 c2
Event: 3.539 Thread 0x000001f2ef09d800 DEOPT PACKING pc=0x000001f287b8a3d8 sp=0x00000010dc2f6c50
Event: 3.539 Thread 0x000001f2ef09d800 DEOPT UNPACKING pc=0x000001f28004912f sp=0x00000010dc2f68c8 mode 2
Event: 3.539 Thread 0x000001f2ef09d800 Uncommon trap: trap_request=0xffffffbe fr.pc=0x000001f287b8a3d8 relative=0x0000000000002438
Event: 3.539 Thread 0x000001f2ef09d800 Uncommon trap: reason=profile_predicate action=maybe_recompile pc=0x000001f287b8a3d8 method=jdk.internal.jimage.ImageStringsReader.charsFromByteBuffer([CLjava/nio/ByteBuffer;)V @ 6 c2
Event: 3.539 Thread 0x000001f2ef09d800 DEOPT PACKING pc=0x000001f287b8a3d8 sp=0x00000010dc2f6c50
Event: 3.539 Thread 0x000001f2ef09d800 DEOPT UNPACKING pc=0x000001f28004912f sp=0x00000010dc2f68c8 mode 2
Event: 3.540 Thread 0x000001f2ef09d800 Uncommon trap: trap_request=0xffffff45 fr.pc=0x000001f287b85610 relative=0x0000000000000050
Event: 3.540 Thread 0x000001f2ef09d800 Uncommon trap: reason=unstable_if action=reinterpret pc=0x000001f287b85610 method=sun.net.util.IPAddressUtil.scan(Ljava/lang/String;JJ[C)I @ 14 c2
Event: 3.540 Thread 0x000001f2ef09d800 DEOPT PACKING pc=0x000001f287b85610 sp=0x00000010dc2f7050
Event: 3.540 Thread 0x000001f2ef09d800 DEOPT UNPACKING pc=0x000001f28004912f sp=0x00000010dc2f6fa8 mode 2

Classes unloaded (0 events):
No events

Classes redefined (0 events):
No events

Internal exceptions (12 events):
Event: 0.380 Thread 0x000001f2ef09d800 Exception <a 'java/lang/NoSuchMethodError'{0x000000008a7e3270}: 'int java.lang.invoke.DirectMethodHandle$Holder.invokeSpecialIFC(java.lang.Object, java.lang.Object, int)'> (0x000000008a7e3270) 
thrown [./open/src/hotspot/share/interpreter/linkResolver.cpp, line 766]
Event: 3.028 Thread 0x000001f2ef09d800 Exception <a 'java/lang/NoClassDefFoundError'{0x0000000088a1b5a8}: com/google/inject/servlet/ServletModuleTargetVisitor> (0x0000000088a1b5a8) 
thrown [./open/src/hotspot/share/classfile/systemDictionary.cpp, line 215]
Event: 3.029 Thread 0x000001f2ef09d800 Exception <a 'java/lang/NoClassDefFoundError'{0x0000000088a1e528}: javax/annotation/Priority> (0x0000000088a1e528) 
thrown [./open/src/hotspot/share/classfile/systemDictionary.cpp, line 215]
Event: 3.107 Thread 0x000001f2ef09d800 Exception <a 'java/lang/NoSuchMethodError'{0x0000000088967db8}: 'java.lang.Object java.lang.invoke.DirectMethodHandle$Holder.invokeStaticInit(java.lang.Object, int, int, int, int)'> (0x0000000088967db8) 
thrown [./open/src/hotspot/share/interpreter/linkResolver.cpp, line 766]
Event: 3.461 Thread 0x000001f2ef09d800 Exception <a 'java/lang/UnsatisfiedLinkError'{0x0000000088021670}> (0x0000000088021670) 
thrown [./open/src/hotspot/share/prims/jvm.cpp, line 3372]
Event: 3.461 Thread 0x000001f2ef09d800 Exception <a 'java/lang/UnsatisfiedLinkError'{0x0000000088021670}> (0x0000000088021670) 
thrown [./open/src/hotspot/share/prims/jni.cpp, line 599]
Event: 3.461 Thread 0x000001f2ef09d800 Exception <a 'java/lang/UnsatisfiedLinkError'{0x0000000088021670}> (0x0000000088021670) 
thrown [./open/src/hotspot/share/oops/instanceKlass.cpp, line 1083]
Event: 3.518 Thread 0x000001f2ef09d800 Exception <a 'sun/nio/fs/WindowsException'{0x00000000880dae70}> (0x00000000880dae70) 
thrown [./open/src/hotspot/share/prims/jni.cpp, line 599]
Event: 3.553 Thread 0x000001f2ef09d800 Exception <a 'java/lang/NoSuchMethodError'{0x0000000087f029b8}: 'int java.lang.invoke.DirectMethodHandle$Holder.invokeStaticInit(java.lang.Object, java.lang.Object, java.lang.Object, java.lang.Object)'> (0x0000000087f029b8) 
thrown [./open/src/hotspot/share/interpreter/linkResolver.cpp, line 766]
Event: 3.556 Thread 0x000001f2ef09d800 Exception <a 'java/lang/IncompatibleClassChangeError'{0x0000000087f0bb78}: Found class java.lang.Object, but interface was expected> (0x0000000087f0bb78) 
thrown [./open/src/hotspot/share/interpreter/linkResolver.cpp, line 832]
Event: 3.564 Thread 0x000001f2ef09d800 Exception <a 'java/lang/NoSuchMethodError'{0x0000000087f0f0a8}: 'void java.lang.invoke.DirectMethodHandle$Holder.invokeStaticInit(java.lang.Object, java.lang.Object)'> (0x0000000087f0f0a8) 
thrown [./open/src/hotspot/share/interpreter/linkResolver.cpp, line 766]
Event: 3.567 Thread 0x000001f2ef09d800 Exception <a 'java/lang/NoSuchMethodError'{0x0000000087f14d28}: 'int java.lang.invoke.DirectMethodHandle$Holder.invokeStaticInit(java.lang.Object, java.lang.Object)'> (0x0000000087f14d28) 
thrown [./open/src/hotspot/share/interpreter/linkResolver.cpp, line 766]

Events (20 events):
Event: 3.611 loading class java/security/spec/InvalidParameterSpecException
Event: 3.611 loading class java/security/spec/InvalidParameterSpecException done
Event: 3.611 loading class sun/security/util/SecurityProviderConstants
Event: 3.612 loading class sun/security/util/SecurityProviderConstants done
Event: 3.612 loading class sun/security/util/ECUtil
Event: 3.612 loading class sun/security/util/ECUtil done
Event: 3.612 loading class java/security/AlgorithmParameters
Event: 3.613 loading class java/security/AlgorithmParameters done
Event: 3.613 loading class java/security/AlgorithmParametersSpi
Event: 3.613 loading class java/security/AlgorithmParametersSpi done
Event: 3.613 loading class sun/security/util/ECParameters
Event: 3.613 loading class sun/security/util/ECParameters done
Event: 3.613 loading class sun/security/util/ECKeySizeParameterSpec
Event: 3.613 loading class sun/security/util/ECKeySizeParameterSpec done
Event: 3.613 loading class java/security/spec/ECGenParameterSpec
Event: 3.613 loading class java/security/spec/NamedParameterSpec
Event: 3.613 loading class java/security/spec/NamedParameterSpec done
Event: 3.613 loading class java/security/spec/ECGenParameterSpec done
Event: 3.613 loading class java/security/KeyPairGenerator$Delegate
Event: 3.613 loading class java/security/KeyPairGenerator$Delegate done


Dynamic libraries:
0x00007ff7f7550000 - 0x00007ff7f755f000 	C:\Program Files\Java\jdk-14.0.2\bin\java.exe
0x00007ffa9cef0000 - 0x00007ffa9d0e5000 	C:\WINDOWS\SYSTEM32\ntdll.dll
0x00007ffa9c340000 - 0x00007ffa9c3fd000 	C:\WINDOWS\System32\KERNEL32.DLL
0x00007ffa9a9e0000 - 0x00007ffa9aca7000 	C:\WINDOWS\System32\KERNELBASE.dll
0x0000000070e30000 - 0x0000000070ed6000 	C:\WINDOWS\System32\SYSFER.DLL
0x00007ffa9a8e0000 - 0x00007ffa9a9e0000 	C:\WINDOWS\System32\ucrtbase.dll
0x00007ffa69f50000 - 0x00007ffa69f68000 	C:\Program Files\Java\jdk-14.0.2\bin\jli.dll
0x00007ffa9cd40000 - 0x00007ffa9cdea000 	C:\WINDOWS\System32\ADVAPI32.dll
0x00007ffa9b090000 - 0x00007ffa9b12e000 	C:\WINDOWS\System32\msvcrt.dll
0x00007ffa69e20000 - 0x00007ffa69e35000 	C:\Program Files\Java\jdk-14.0.2\bin\VCRUNTIME140.dll
0x00007ffa9c130000 - 0x00007ffa9c1cb000 	C:\WINDOWS\System32\sechost.dll
0x00007ffa9b280000 - 0x00007ffa9b3a3000 	C:\WINDOWS\System32\RPCRT4.dll
0x00007ffa9cb40000 - 0x00007ffa9cce0000 	C:\WINDOWS\System32\USER32.dll
0x00007ffa9a7d0000 - 0x00007ffa9a7f2000 	C:\WINDOWS\System32\win32u.dll
0x00007ffa9b130000 - 0x00007ffa9b15a000 	C:\WINDOWS\System32\GDI32.dll
0x00007ffa9a6c0000 - 0x00007ffa9a7ca000 	C:\WINDOWS\System32\gdi32full.dll
0x00007ffa9aec0000 - 0x00007ffa9af5d000 	C:\WINDOWS\System32\msvcp_win.dll
0x00007ffa89050000 - 0x00007ffa892ea000 	C:\WINDOWS\WinSxS\amd64_microsoft.windows.common-controls_6595b64144ccf1df_6.0.19041.1_none_b555e41d4684ddec\COMCTL32.dll
0x00007ffa8a110000 - 0x00007ffa8a11a000 	C:\WINDOWS\SYSTEM32\VERSION.dll
0x00007ffa9b820000 - 0x00007ffa9b828000 	C:\WINDOWS\System32\psapi.dll
0x00007ffa9c240000 - 0x00007ffa9c270000 	C:\WINDOWS\System32\IMM32.DLL
0x00007ffa620a0000 - 0x00007ffa6213b000 	C:\Program Files\Java\jdk-14.0.2\bin\msvcp140.dll
0x00007ffa3a870000 - 0x00007ffa3b38e000 	C:\Program Files\Java\jdk-14.0.2\bin\server\jvm.dll
0x00007ffa829f0000 - 0x00007ffa829f9000 	C:\WINDOWS\SYSTEM32\WSOCK32.dll
0x00007ffa9c1d0000 - 0x00007ffa9c23b000 	C:\WINDOWS\System32\WS2_32.dll
0x00007ffa872c0000 - 0x00007ffa872e7000 	C:\WINDOWS\SYSTEM32\WINMM.dll
0x00007ffa99290000 - 0x00007ffa992a3000 	C:\WINDOWS\SYSTEM32\kernel.appcore.dll
0x00007ffa88420000 - 0x00007ffa8842a000 	C:\Program Files\Java\jdk-14.0.2\bin\jimage.dll
0x00007ffa98fb0000 - 0x00007ffa99194000 	C:\WINDOWS\SYSTEM32\DBGHELP.DLL
0x00007ffa83b10000 - 0x00007ffa83b3c000 	C:\WINDOWS\SYSTEM32\dbgcore.DLL
0x00007ffa9a640000 - 0x00007ffa9a6bf000 	C:\WINDOWS\System32\bcryptPrimitives.dll
0x00007ffa66900000 - 0x00007ffa66925000 	C:\Program Files\Java\jdk-14.0.2\bin\java.dll
0x00007ffa67530000 - 0x00007ffa67546000 	C:\Program Files\Java\jdk-14.0.2\bin\zip.dll
0x00007ffa9c400000 - 0x00007ffa9cb40000 	C:\WINDOWS\System32\SHELL32.dll
0x00007ffa97a40000 - 0x00007ffa981d1000 	C:\WINDOWS\SYSTEM32\windows.storage.dll
0x00007ffa9b3b0000 - 0x00007ffa9b703000 	C:\WINDOWS\System32\combase.dll
0x00007ffa9a0c0000 - 0x00007ffa9a0ec000 	C:\WINDOWS\SYSTEM32\Wldp.dll
0x00007ffa9ce00000 - 0x00007ffa9ceae000 	C:\WINDOWS\System32\SHCORE.dll
0x00007ffa9b8f0000 - 0x00007ffa9b945000 	C:\WINDOWS\System32\shlwapi.dll
0x00007ffa9a580000 - 0x00007ffa9a59f000 	C:\WINDOWS\SYSTEM32\profapi.dll
0x00007ffa65f00000 - 0x00007ffa65f19000 	C:\Program Files\Java\jdk-14.0.2\bin\net.dll
0x00007ffa91e20000 - 0x00007ffa91f20000 	C:\WINDOWS\SYSTEM32\WINHTTP.dll
0x00007ffa99e40000 - 0x00007ffa99eaa000 	C:\WINDOWS\system32\mswsock.dll
0x00007ffa65e40000 - 0x00007ffa65e52000 	C:\Program Files\Java\jdk-14.0.2\bin\nio.dll
0x00007ffa86ed0000 - 0x00007ffa86ee0000 	C:\Program Files\Java\jdk-14.0.2\bin\verify.dll
0x00007ffa7ba30000 - 0x00007ffa7ba3a000 	C:\apache\apache-maven-3.6.3\lib\jansi-native\windows64\jansi.dll
0x00007ffa63c80000 - 0x00007ffa63ca5000 	C:\Program Files\Java\jdk-14.0.2\bin\sunec.dll

dbghelp: loaded successfully - version: 4.0.5 - missing functions: none
symbol engine: initialized successfully - sym options: 0x614 - pdb path: .;C:\Program Files\Java\jdk-14.0.2\bin;C:\WINDOWS\SYSTEM32;C:\WINDOWS\WinSxS\amd64_microsoft.windows.common-controls_6595b64144ccf1df_6.0.19041.1_none_b555e41d4684ddec;C:\Program Files\Java\jdk-14.0.2\bin\server;C:\apache\apache-maven-3.6.3\lib\jansi-native\windows64

VM Arguments:
jvm_args: -Dclassworlds.conf=C:\apache\apache-maven-3.6.3\bin\..\bin\m2.conf -Dmaven.home=C:\apache\apache-maven-3.6.3\bin\.. -Dlibrary.jansi.path=C:\apache\apache-maven-3.6.3\bin\..\lib\jansi-native -Dmaven.multiModuleProjectDirectory=D:\projects\devOps\ws_git\testGit\ws_RD\HelloWorld-master\HelloWorld-master\HelloWorld.parent 
java_command: org.codehaus.plexus.classworlds.launcher.Launcher clean
java_class_path (initial): C:\apache\apache-maven-3.6.3\bin\..\boot\plexus-classworlds-2.6.0.jar
Launcher Type: SUN_STANDARD

[Global flags]
     intx CICompilerCount                          = 3                                         {product} {ergonomic}
     uint ConcGCThreads                            = 1                                         {product} {ergonomic}
     uint G1ConcRefinementThreads                  = 4                                         {product} {ergonomic}
   size_t G1HeapRegionSize                         = 1048576                                   {product} {ergonomic}
    uintx GCDrainStackTargetSize                   = 64                                        {product} {ergonomic}
   size_t InitialHeapSize                          = 132120576                                 {product} {ergonomic}
   size_t MarkStackSize                            = 4194304                                   {product} {ergonomic}
   size_t MaxHeapSize                              = 2101346304                                {product} {ergonomic}
   size_t MaxNewSize                               = 1260388352                                {product} {ergonomic}
   size_t MinHeapDeltaBytes                        = 1048576                                   {product} {ergonomic}
   size_t MinHeapSize                              = 8388608                                   {product} {ergonomic}
    uintx NonNMethodCodeHeapSize                   = 5832780                                {pd product} {ergonomic}
    uintx NonProfiledCodeHeapSize                  = 122912730                              {pd product} {ergonomic}
    uintx ProfiledCodeHeapSize                     = 122912730                              {pd product} {ergonomic}
    uintx ReservedCodeCacheSize                    = 251658240                              {pd product} {ergonomic}
     bool SegmentedCodeCache                       = true                                      {product} {ergonomic}
   size_t SoftMaxHeapSize                          = 2101346304                             {manageable} {ergonomic}
     bool UseCompressedClassPointers               = true                                 {lp64_product} {ergonomic}
     bool UseCompressedOops                        = true                                 {lp64_product} {ergonomic}
     bool UseG1GC                                  = true                                      {product} {ergonomic}
     bool UseLargePagesIndividualAllocation        = false                                  {pd product} {ergonomic}

Logging:
Log output configuration:
 #0: stdout all=warning uptime,level,tags
 #1: stderr all=off uptime,level,tags

Environment Variables:
JAVA_HOME=C:\Program Files\Java\jdk-14.0.2
CLASSPATH=C:\tibco\tibrv\8.4\lib\tibrvnative.jar;
PATH=C:\cygwin64\bin;C:\Program Files\Java\jdk-14.0.2\bin;C:\apache\apache-maven-3.6.3;C:\apache\apache-maven-3.6.3\bin;C:\Program Files\TortoiseSVN\bin;C:\Program Files\Git\bin\;C:\Windows\System32;C:\cygwin64\bin\;C:\Users\syadav\AppData\Local\Microsoft\WindowsApps;C:\Program Files (x86)\SSH Communications Security\SSH Secure Shell;
USERNAME=syadav
OS=Windows_NT
PROCESSOR_IDENTIFIER=Intel64 Family 6 Model 78 Stepping 3, GenuineIntel



---------------  S Y S T E M  ---------------

OS: Windows 10 , 64 bit Build 19041 (10.0.19041.292)
OS uptime: 7 days 1:18 hours

CPU:total 4 (initial active 4) (2 cores per cpu, 2 threads per core) family 6 model 78 stepping 3, cmov, cx8, fxsr, mmx, sse, sse2, sse3, ssse3, sse4.1, sse4.2, popcnt, avx, avx2, aes, clmul, erms, rtm, 3dnowpref, lzcnt, ht, tsc, tscinvbit, bmi1, bmi2, adx, fma

Memory: 4k page, system-wide physical 8012M (344M free)
TotalPageFile size 23195M (AvailPageFile size 5M)
current process WorkingSet (physical memory assigned to process): 116M, peak: 116M
current process commit charge ("private bytes"): 232M, peak: 233M

vm_info: Java HotSpot(TM) 64-Bit Server VM (14.0.2+12-46) for windows-amd64 JRE (14.0.2+12-46), built on Jul  9 2020 00:35:52 by "mach5one" with MS VC++ 15.9 (VS2017)

END.
