#
# There is insufficient memory for the Java Runtime Environment to continue.
# Native memory allocation (mmap) failed to map 132120576 bytes for Failed to commit area from 0x0000000082c00000 to 0x000000008aa00000 of length 132120576.
# Possible reasons:
#   The system is out of physical RAM or swap space
#   The process is running with CompressedOops enabled, and the Java Heap may be blocking the growth of the native heap
# Possible solutions:
#   Reduce memory load on the system
#   Increase physical memory or swap space
#   Check if swap backing store is full
#   Decrease Java heap size (-Xmx/-Xms)
#   Decrease number of Java threads
#   Decrease Java thread stack sizes (-Xss)
#   Set larger code cache with -XX:ReservedCodeCacheSize=
#   JVM is running with Unscaled Compressed Oops mode in which the Java heap is
#     placed in the first 4GB address space. The Java Heap base address is the
#     maximum limit for the native heap growth. Please use -XX:HeapBaseMinAddress
#     to set the Java Heap base and to place the Java Heap above 4GB virtual address.
# This output file may be truncated or incomplete.
#
#  Out of Memory Error (./open/src/hotspot/os/windows/os_windows.cpp:3315), pid=21120, tid=16964
#
# JRE version:  (14.0.2+12) (build )
# Java VM: Java HotSpot(TM) 64-Bit Server VM (14.0.2+12-46, mixed mode, sharing, tiered, compressed oops, g1 gc, windows-amd64)
# No core dump will be written. Minidumps are not enabled by default on client versions of Windows
#

---------------  S U M M A R Y ------------

Command Line: -Dclassworlds.conf=C:\apache\apache-maven-3.6.3\bin\..\bin\m2.conf -Dmaven.home=C:\apache\apache-maven-3.6.3\bin\.. -Dlibrary.jansi.path=C:\apache\apache-maven-3.6.3\bin\..\lib\jansi-native -Dmaven.multiModuleProjectDirectory=D:\projects\devOps\ws_git\testGit\ws_RD\HelloWorld-master\HelloWorld-master\HelloWorld.parent org.codehaus.plexus.classworlds.launcher.Launcher clean

Host: Intel(R) Core(TM) i7-6600U CPU @ 2.60GHz, 4 cores, 7G,  Windows 10 , 64 bit Build 19041 (10.0.19041.292)
Time: Fri Sep  4 18:55:02 2020 India Standard Time elapsed time: 0 seconds (0d 0h 0m 0s)

---------------  T H R E A D  ---------------

Current thread (0x000002c21257e800):  JavaThread "Unknown thread" [_thread_in_vm, id=16964, stack(0x000000f7bb300000,0x000000f7bb400000)]

Stack: [0x000000f7bb300000,0x000000f7bb400000]
Native frames: (J=compiled Java code, j=interpreted, Vv=VM code, C=native code)
V  [jvm.dll+0x5f8a9a]
V  [jvm.dll+0x74247a]
V  [jvm.dll+0x743c2f]
V  [jvm.dll+0x744273]
V  [jvm.dll+0x20d288]
V  [jvm.dll+0x5f5dea]
V  [jvm.dll+0x5eac45]
V  [jvm.dll+0x2c7e9c]
V  [jvm.dll+0x2c7cd2]
V  [jvm.dll+0x2cdbbc]
V  [jvm.dll+0x313fe8]
V  [jvm.dll+0x313710]
V  [jvm.dll+0x2a092a]
V  [jvm.dll+0x2a1a79]
V  [jvm.dll+0x71fd48]
V  [jvm.dll+0x321c14]
V  [jvm.dll+0x70112c]
V  [jvm.dll+0x392def]
V  [jvm.dll+0x394e61]
C  [jli.dll+0x524b]
C  [ucrtbase.dll+0x21542]
C  [KERNEL32.DLL+0x16fd4]
C  [ntdll.dll+0x4cec1]


---------------  P R O C E S S  ---------------

Threads class SMR info:
_java_thread_list=0x00007ffa3b2f3038, length=0, elements={
}

Java Threads: ( => current thread )

Other Threads:
  0x000002c2125be000 GCTaskThread "GC Thread#0" [stack: 0x000000f7bb400000,0x000000f7bb500000] [id=18888]
  0x000002c2125d0800 ConcurrentGCThread "G1 Main Marker" [stack: 0x000000f7bb500000,0x000000f7bb600000] [id=10540]
  0x000002c2125d2000 ConcurrentGCThread "G1 Conc#0" [stack: 0x000000f7bb600000,0x000000f7bb700000] [id=26520]

[error occurred during error reporting (printing all threads), id 0xc0000005, EXCEPTION_ACCESS_VIOLATION (0xc0000005) at pc=0x00007ffa3ab21257]

VM state:not at safepoint (not fully initialized)

VM Mutex/Monitor currently owned by a thread:  ([mutex/lock_event])
[0x000002c212579a50] Heap_lock - owner thread: 0x000002c21257e800

Heap address: 0x0000000082c00000, size: 2004 MB, Compressed Oops mode: 32-bit
Narrow klass base: 0x0000000000000000, Narrow klass shift: 0

GC Heap History (0 events):
No events

Deoptimization events (0 events):
No events

Classes unloaded (0 events):
No events

Classes redefined (0 events):
No events

Internal exceptions (0 events):
No events

Events (2 events):
Event: 0.073 Loaded shared library C:\Program Files\Java\jdk-14.0.2\bin\java.dll
Event: 0.078 Loaded shared library C:\Program Files\Java\jdk-14.0.2\bin\zip.dll


Dynamic libraries:
0x00007ff618710000 - 0x00007ff61871f000 	C:\Program Files\Java\jdk-14.0.2\bin\java.exe
0x00007ffa9cef0000 - 0x00007ffa9d0e5000 	C:\WINDOWS\SYSTEM32\ntdll.dll
0x00007ffa9c340000 - 0x00007ffa9c3fd000 	C:\WINDOWS\System32\KERNEL32.DLL
0x00007ffa9a9e0000 - 0x00007ffa9aca7000 	C:\WINDOWS\System32\KERNELBASE.dll
0x0000000070e30000 - 0x0000000070ed6000 	C:\WINDOWS\System32\SYSFER.DLL
0x00007ffa9a8e0000 - 0x00007ffa9a9e0000 	C:\WINDOWS\System32\ucrtbase.dll
0x00007ffa86e10000 - 0x00007ffa86e28000 	C:\Program Files\Java\jdk-14.0.2\bin\jli.dll
0x00007ffa9cd40000 - 0x00007ffa9cdea000 	C:\WINDOWS\System32\ADVAPI32.dll
0x00007ffa9b090000 - 0x00007ffa9b12e000 	C:\WINDOWS\System32\msvcrt.dll
0x00007ffa9c130000 - 0x00007ffa9c1cb000 	C:\WINDOWS\System32\sechost.dll
0x00007ffa9b280000 - 0x00007ffa9b3a3000 	C:\WINDOWS\System32\RPCRT4.dll
0x00007ffa9cb40000 - 0x00007ffa9cce0000 	C:\WINDOWS\System32\USER32.dll
0x00007ffa9a7d0000 - 0x00007ffa9a7f2000 	C:\WINDOWS\System32\win32u.dll
0x00007ffa9b130000 - 0x00007ffa9b15a000 	C:\WINDOWS\System32\GDI32.dll
0x00007ffa89050000 - 0x00007ffa892ea000 	C:\WINDOWS\WinSxS\amd64_microsoft.windows.common-controls_6595b64144ccf1df_6.0.19041.1_none_b555e41d4684ddec\COMCTL32.dll
0x00007ffa9a6c0000 - 0x00007ffa9a7ca000 	C:\WINDOWS\System32\gdi32full.dll
0x00007ffa9aec0000 - 0x00007ffa9af5d000 	C:\WINDOWS\System32\msvcp_win.dll
0x00007ffa8a110000 - 0x00007ffa8a11a000 	C:\WINDOWS\SYSTEM32\VERSION.dll
0x00007ffa86df0000 - 0x00007ffa86e05000 	C:\Program Files\Java\jdk-14.0.2\bin\VCRUNTIME140.dll
0x00007ffa9b820000 - 0x00007ffa9b828000 	C:\WINDOWS\System32\psapi.dll
0x00007ffa9c240000 - 0x00007ffa9c270000 	C:\WINDOWS\System32\IMM32.DLL
0x00007ffa624a0000 - 0x00007ffa6253b000 	C:\Program Files\Java\jdk-14.0.2\bin\msvcp140.dll
0x00007ffa3a870000 - 0x00007ffa3b38e000 	C:\Program Files\Java\jdk-14.0.2\bin\server\jvm.dll
0x00007ffa829f0000 - 0x00007ffa829f9000 	C:\WINDOWS\SYSTEM32\WSOCK32.dll
0x00007ffa9c1d0000 - 0x00007ffa9c23b000 	C:\WINDOWS\System32\WS2_32.dll
0x00007ffa872c0000 - 0x00007ffa872e7000 	C:\WINDOWS\SYSTEM32\WINMM.dll
0x00007ffa99290000 - 0x00007ffa992a3000 	C:\WINDOWS\SYSTEM32\kernel.appcore.dll
0x00007ffa8d230000 - 0x00007ffa8d23a000 	C:\Program Files\Java\jdk-14.0.2\bin\jimage.dll
0x00007ffa98fb0000 - 0x00007ffa99194000 	C:\WINDOWS\SYSTEM32\DBGHELP.DLL
0x00007ffa83b10000 - 0x00007ffa83b3c000 	C:\WINDOWS\SYSTEM32\dbgcore.DLL
0x00007ffa9a640000 - 0x00007ffa9a6bf000 	C:\WINDOWS\System32\bcryptPrimitives.dll
0x00007ffa66900000 - 0x00007ffa66925000 	C:\Program Files\Java\jdk-14.0.2\bin\java.dll
0x00007ffa86dd0000 - 0x00007ffa86de6000 	C:\Program Files\Java\jdk-14.0.2\bin\zip.dll

dbghelp: loaded successfully - version: 4.0.5 - missing functions: none
symbol engine: initialized successfully - sym options: 0x614 - pdb path: .;C:\Program Files\Java\jdk-14.0.2\bin;C:\WINDOWS\SYSTEM32;C:\WINDOWS\WinSxS\amd64_microsoft.windows.common-controls_6595b64144ccf1df_6.0.19041.1_none_b555e41d4684ddec;C:\Program Files\Java\jdk-14.0.2\bin\server

VM Arguments:
jvm_args: -Dclassworlds.conf=C:\apache\apache-maven-3.6.3\bin\..\bin\m2.conf -Dmaven.home=C:\apache\apache-maven-3.6.3\bin\.. -Dlibrary.jansi.path=C:\apache\apache-maven-3.6.3\bin\..\lib\jansi-native -Dmaven.multiModuleProjectDirectory=D:\projects\devOps\ws_git\testGit\ws_RD\HelloWorld-master\HelloWorld-master\HelloWorld.parent 
java_command: org.codehaus.plexus.classworlds.launcher.Launcher clean
java_class_path (initial): C:\apache\apache-maven-3.6.3\bin\..\boot\plexus-classworlds-2.6.0.jar
Launcher Type: SUN_STANDARD

[Global flags]
     intx CICompilerCount                          = 3                                         {product} {ergonomic}
     uint ConcGCThreads                            = 1                                         {product} {ergonomic}
     uint G1ConcRefinementThreads                  = 4                                         {product} {ergonomic}
   size_t G1HeapRegionSize                         = 1048576                                   {product} {ergonomic}
    uintx GCDrainStackTargetSize                   = 64                                        {product} {ergonomic}
   size_t InitialHeapSize                          = 132120576                                 {product} {ergonomic}
   size_t MarkStackSize                            = 4194304                                   {product} {ergonomic}
   size_t MaxHeapSize                              = 2101346304                                {product} {ergonomic}
   size_t MinHeapDeltaBytes                        = 1048576                                   {product} {ergonomic}
   size_t MinHeapSize                              = 8388608                                   {product} {ergonomic}
    uintx NonNMethodCodeHeapSize                   = 5832780                                {pd product} {ergonomic}
    uintx NonProfiledCodeHeapSize                  = 122912730                              {pd product} {ergonomic}
    uintx ProfiledCodeHeapSize                     = 122912730                              {pd product} {ergonomic}
    uintx ReservedCodeCacheSize                    = 251658240                              {pd product} {ergonomic}
     bool SegmentedCodeCache                       = true                                      {product} {ergonomic}
   size_t SoftMaxHeapSize                          = 2101346304                             {manageable} {ergonomic}
     bool UseCompressedClassPointers               = true                                 {lp64_product} {ergonomic}
     bool UseCompressedOops                        = true                                 {lp64_product} {ergonomic}
     bool UseG1GC                                  = true                                      {product} {ergonomic}
     bool UseLargePagesIndividualAllocation        = false                                  {pd product} {ergonomic}

Logging:
Log output configuration:
 #0: stdout all=warning uptime,level,tags
 #1: stderr all=off uptime,level,tags

Environment Variables:
JAVA_HOME=C:\Program Files\Java\jdk-14.0.2
CLASSPATH=C:\tibco\tibrv\8.4\lib\tibrvnative.jar;
PATH=C:\cygwin64\bin;C:\Program Files\Java\jdk-14.0.2\bin;C:\apache\apache-maven-3.6.3;C:\apache\apache-maven-3.6.3\bin;C:\Program Files\TortoiseSVN\bin;C:\Program Files\Git\bin\;C:\Windows\System32;C:\cygwin64\bin\;C:\Users\syadav\AppData\Local\Microsoft\WindowsApps;C:\Program Files (x86)\SSH Communications Security\SSH Secure Shell;
USERNAME=syadav
OS=Windows_NT
PROCESSOR_IDENTIFIER=Intel64 Family 6 Model 78 Stepping 3, GenuineIntel



---------------  S Y S T E M  ---------------

OS: Windows 10 , 64 bit Build 19041 (10.0.19041.292)
OS uptime: 7 days 1:15 hours

CPU:total 4 (initial active 4) (2 cores per cpu, 2 threads per core) family 6 model 78 stepping 3, cmov, cx8, fxsr, mmx, sse, sse2, sse3, ssse3, sse4.1, sse4.2, popcnt, avx, avx2, aes, clmul, erms, rtm, 3dnowpref, lzcnt, ht, tsc, tscinvbit, bmi1, bmi2, adx, fma

Memory: 4k page, system-wide physical 8012M (430M free)
TotalPageFile size 23195M (AvailPageFile size 112M)
current process WorkingSet (physical memory assigned to process): 10M, peak: 10M
current process commit charge ("private bytes"): 52M, peak: 178M

vm_info: Java HotSpot(TM) 64-Bit Server VM (14.0.2+12-46) for windows-amd64 JRE (14.0.2+12-46), built on Jul  9 2020 00:35:52 by "mach5one" with MS VC++ 15.9 (VS2017)

END.
